{"C:\\Users\\phill\\React\\crwn-clothing\\client\\src\\components\\cart-dropdown\\cart-dropdown.component.jsx": {"path":"C:\\Users\\phill\\React\\crwn-clothing\\client\\src\\components\\cart-dropdown\\cart-dropdown.component.jsx","statementMap":{"0":{"start":{"line":15,"column":21},"end":{"line":41,"column":1}},"1":{"start":{"line":16,"column":20},"end":{"line":16,"column":48}},"2":{"start":{"line":17,"column":19},"end":{"line":17,"column":32}},"3":{"start":{"line":18,"column":18},"end":{"line":18,"column":30}},"4":{"start":{"line":20,"column":2},"end":{"line":40,"column":4}},"5":{"start":{"line":25,"column":12},"end":{"line":25,"column":58}},"6":{"start":{"line":33,"column":10},"end":{"line":33,"column":36}},"7":{"start":{"line":34,"column":10},"end":{"line":34,"column":39}}},"fnMap":{"0":{"name":"(anonymous_0)","decl":{"start":{"line":15,"column":21},"end":{"line":15,"column":22}},"loc":{"start":{"line":15,"column":27},"end":{"line":41,"column":1}},"line":15},"1":{"name":"(anonymous_1)","decl":{"start":{"line":24,"column":24},"end":{"line":24,"column":25}},"loc":{"start":{"line":25,"column":12},"end":{"line":25,"column":58}},"line":25},"2":{"name":"(anonymous_2)","decl":{"start":{"line":32,"column":17},"end":{"line":32,"column":18}},"loc":{"start":{"line":32,"column":23},"end":{"line":35,"column":9}},"line":32}},"branchMap":{"0":{"loc":{"start":{"line":23,"column":9},"end":{"line":29,"column":9}},"type":"cond-expr","locations":[{"start":{"line":24,"column":10},"end":{"line":26,"column":12}},{"start":{"line":28,"column":10},"end":{"line":28,"column":75}}],"line":23}},"s":{"0":1,"1":3,"2":3,"3":3,"4":3,"5":6,"6":1,"7":1},"f":{"0":3,"1":6,"2":1},"b":{"0":[2,1]},"_coverageSchema":"1a1c01bbd47fc00a2c39e90264f33305004495a9","hash":"962e93108ac0e79f93e9edf97cb3708317fa30ee"}
,"C:\\Users\\phill\\React\\crwn-clothing\\client\\src\\components\\cart-icon\\cart-icon.component.jsx": {"path":"C:\\Users\\phill\\React\\crwn-clothing\\client\\src\\components\\cart-icon\\cart-icon.component.jsx","statementMap":{"0":{"start":{"line":13,"column":17},"end":{"line":23,"column":1}},"1":{"start":{"line":14,"column":20},"end":{"line":14,"column":53}},"2":{"start":{"line":15,"column":19},"end":{"line":15,"column":32}},"3":{"start":{"line":17,"column":2},"end":{"line":22,"column":4}},"4":{"start":{"line":18,"column":38},"end":{"line":18,"column":66}}},"fnMap":{"0":{"name":"(anonymous_0)","decl":{"start":{"line":13,"column":17},"end":{"line":13,"column":18}},"loc":{"start":{"line":13,"column":23},"end":{"line":23,"column":1}},"line":13},"1":{"name":"(anonymous_1)","decl":{"start":{"line":18,"column":32},"end":{"line":18,"column":33}},"loc":{"start":{"line":18,"column":38},"end":{"line":18,"column":66}},"line":18}},"branchMap":{},"s":{"0":1,"1":3,"2":3,"3":3,"4":1},"f":{"0":3,"1":1},"b":{},"_coverageSchema":"1a1c01bbd47fc00a2c39e90264f33305004495a9","hash":"80fd281f217d66b2d2d82422cc8f0410aab951ad"}
,"C:\\Users\\phill\\React\\crwn-clothing\\client\\src\\components\\cart-icon\\cart-icon.styles.jsx": {"path":"C:\\Users\\phill\\React\\crwn-clothing\\client\\src\\components\\cart-icon\\cart-icon.styles.jsx","statementMap":{"0":{"start":{"line":5,"column":33},"end":{"line":13,"column":1}},"1":{"start":{"line":15,"column":0},"end":{"line":15,"column":52}},"2":{"start":{"line":17,"column":34},"end":{"line":22,"column":1}},"3":{"start":{"line":24,"column":0},"end":{"line":24,"column":54}},"4":{"start":{"line":26,"column":37},"end":{"line":29,"column":1}}},"fnMap":{},"branchMap":{},"s":{"0":1,"1":1,"2":1,"3":1,"4":1},"f":{},"b":{},"_coverageSchema":"1a1c01bbd47fc00a2c39e90264f33305004495a9","hash":"74912dc5c86be40297c14928c087b930713f9dd9"}
,"C:\\Users\\phill\\React\\crwn-clothing\\client\\src\\components\\cart-item\\cart-item.component.jsx": {"path":"C:\\Users\\phill\\React\\crwn-clothing\\client\\src\\components\\cart-item\\cart-item.component.jsx","statementMap":{"0":{"start":{"line":5,"column":17},"end":{"line":15,"column":1}},"1":{"start":{"line":6,"column":4},"end":{"line":14,"column":24}}},"fnMap":{"0":{"name":"(anonymous_0)","decl":{"start":{"line":5,"column":17},"end":{"line":5,"column":18}},"loc":{"start":{"line":6,"column":4},"end":{"line":14,"column":24}},"line":6}},"branchMap":{},"s":{"0":1,"1":0},"f":{"0":0},"b":{},"_coverageSchema":"1a1c01bbd47fc00a2c39e90264f33305004495a9","hash":"64d0ded82a3129a23e91c533471931411a106c49"}
,"C:\\Users\\phill\\React\\crwn-clothing\\client\\src\\redux\\cart\\cart.actions.js": {"path":"C:\\Users\\phill\\React\\crwn-clothing\\client\\src\\redux\\cart\\cart.actions.js","statementMap":{"0":{"start":{"line":3,"column":32},"end":{"line":5,"column":2}},"1":{"start":{"line":3,"column":39},"end":{"line":5,"column":1}},"2":{"start":{"line":8,"column":23},"end":{"line":11,"column":2}},"3":{"start":{"line":8,"column":32},"end":{"line":11,"column":1}},"4":{"start":{"line":13,"column":33},"end":{"line":16,"column":2}},"5":{"start":{"line":13,"column":42},"end":{"line":16,"column":1}},"6":{"start":{"line":18,"column":26},"end":{"line":21,"column":2}},"7":{"start":{"line":18,"column":35},"end":{"line":21,"column":1}},"8":{"start":{"line":23,"column":25},"end":{"line":25,"column":2}},"9":{"start":{"line":23,"column":32},"end":{"line":25,"column":1}},"10":{"start":{"line":27,"column":40},"end":{"line":30,"column":2}},"11":{"start":{"line":27,"column":54},"end":{"line":30,"column":1}}},"fnMap":{"0":{"name":"(anonymous_0)","decl":{"start":{"line":3,"column":32},"end":{"line":3,"column":33}},"loc":{"start":{"line":3,"column":39},"end":{"line":5,"column":1}},"line":3},"1":{"name":"(anonymous_1)","decl":{"start":{"line":8,"column":23},"end":{"line":8,"column":24}},"loc":{"start":{"line":8,"column":32},"end":{"line":11,"column":1}},"line":8},"2":{"name":"(anonymous_2)","decl":{"start":{"line":13,"column":33},"end":{"line":13,"column":34}},"loc":{"start":{"line":13,"column":42},"end":{"line":16,"column":1}},"line":13},"3":{"name":"(anonymous_3)","decl":{"start":{"line":18,"column":26},"end":{"line":18,"column":27}},"loc":{"start":{"line":18,"column":35},"end":{"line":21,"column":1}},"line":18},"4":{"name":"(anonymous_4)","decl":{"start":{"line":23,"column":25},"end":{"line":23,"column":26}},"loc":{"start":{"line":23,"column":32},"end":{"line":25,"column":1}},"line":23},"5":{"name":"(anonymous_5)","decl":{"start":{"line":27,"column":40},"end":{"line":27,"column":41}},"loc":{"start":{"line":27,"column":54},"end":{"line":30,"column":1}},"line":27}},"branchMap":{},"s":{"0":2,"1":4,"2":2,"3":0,"4":2,"5":0,"6":2,"7":0,"8":2,"9":0,"10":2,"11":0},"f":{"0":4,"1":0,"2":0,"3":0,"4":0,"5":0},"b":{},"_coverageSchema":"1a1c01bbd47fc00a2c39e90264f33305004495a9","hash":"cc2f16aacbdef61b7d983babe4cc9a2287cdd052"}
,"C:\\Users\\phill\\React\\crwn-clothing\\client\\src\\redux\\cart\\cart.selectors.js": {"path":"C:\\Users\\phill\\React\\crwn-clothing\\client\\src\\redux\\cart\\cart.selectors.js","statementMap":{"0":{"start":{"line":3,"column":19},"end":{"line":3,"column":38}},"1":{"start":{"line":3,"column":28},"end":{"line":3,"column":38}},"2":{"start":{"line":5,"column":31},"end":{"line":8,"column":1}},"3":{"start":{"line":7,"column":12},"end":{"line":7,"column":26}},"4":{"start":{"line":10,"column":32},"end":{"line":13,"column":1}},"5":{"start":{"line":12,"column":12},"end":{"line":12,"column":23}},"6":{"start":{"line":15,"column":36},"end":{"line":21,"column":1}},"7":{"start":{"line":18,"column":8},"end":{"line":20,"column":62}},"8":{"start":{"line":20,"column":16},"end":{"line":20,"column":58}},"9":{"start":{"line":23,"column":31},"end":{"line":29,"column":1}},"10":{"start":{"line":26,"column":8},"end":{"line":28,"column":82}},"11":{"start":{"line":28,"column":16},"end":{"line":28,"column":78}}},"fnMap":{"0":{"name":"(anonymous_0)","decl":{"start":{"line":3,"column":19},"end":{"line":3,"column":20}},"loc":{"start":{"line":3,"column":28},"end":{"line":3,"column":38}},"line":3},"1":{"name":"(anonymous_1)","decl":{"start":{"line":7,"column":4},"end":{"line":7,"column":5}},"loc":{"start":{"line":7,"column":12},"end":{"line":7,"column":26}},"line":7},"2":{"name":"(anonymous_2)","decl":{"start":{"line":12,"column":4},"end":{"line":12,"column":5}},"loc":{"start":{"line":12,"column":12},"end":{"line":12,"column":23}},"line":12},"3":{"name":"(anonymous_3)","decl":{"start":{"line":17,"column":4},"end":{"line":17,"column":5}},"loc":{"start":{"line":18,"column":8},"end":{"line":20,"column":62}},"line":18},"4":{"name":"(anonymous_4)","decl":{"start":{"line":19,"column":12},"end":{"line":19,"column":13}},"loc":{"start":{"line":20,"column":16},"end":{"line":20,"column":58}},"line":20},"5":{"name":"(anonymous_5)","decl":{"start":{"line":25,"column":4},"end":{"line":25,"column":5}},"loc":{"start":{"line":26,"column":8},"end":{"line":28,"column":82}},"line":26},"6":{"name":"(anonymous_6)","decl":{"start":{"line":27,"column":12},"end":{"line":27,"column":13}},"loc":{"start":{"line":28,"column":16},"end":{"line":28,"column":78}},"line":28}},"branchMap":{},"s":{"0":2,"1":4,"2":2,"3":4,"4":2,"5":0,"6":2,"7":2,"8":3,"9":2,"10":0,"11":0},"f":{"0":4,"1":4,"2":0,"3":2,"4":3,"5":0,"6":0},"b":{},"_coverageSchema":"1a1c01bbd47fc00a2c39e90264f33305004495a9","hash":"32464b76630a58f07fea5ccf9e9453adce7c6a5d"}
}
