{"C:\\Users\\phill\\React\\crwn-clothing\\client\\src\\App.js": {"path":"C:\\Users\\phill\\React\\crwn-clothing\\client\\src\\App.js","statementMap":{"0":{"start":{"line":16,"column":17},"end":{"line":16,"column":66}},"1":{"start":{"line":16,"column":28},"end":{"line":16,"column":65}},"2":{"start":{"line":17,"column":24},"end":{"line":17,"column":103}},"3":{"start":{"line":17,"column":35},"end":{"line":17,"column":102}},"4":{"start":{"line":18,"column":21},"end":{"line":18,"column":78}},"5":{"start":{"line":18,"column":32},"end":{"line":18,"column":77}},"6":{"start":{"line":20,"column":12},"end":{"line":49,"column":1}},"7":{"start":{"line":21,"column":22},"end":{"line":21,"column":52}},"8":{"start":{"line":22,"column":19},"end":{"line":22,"column":32}},"9":{"start":{"line":24,"column":2},"end":{"line":26,"column":17}},"10":{"start":{"line":25,"column":4},"end":{"line":25,"column":33}},"11":{"start":{"line":28,"column":2},"end":{"line":48,"column":4}},"12":{"start":{"line":41,"column":16},"end":{"line":41,"column":71}}},"fnMap":{"0":{"name":"(anonymous_0)","decl":{"start":{"line":16,"column":22},"end":{"line":16,"column":23}},"loc":{"start":{"line":16,"column":28},"end":{"line":16,"column":65}},"line":16},"1":{"name":"(anonymous_1)","decl":{"start":{"line":17,"column":29},"end":{"line":17,"column":30}},"loc":{"start":{"line":17,"column":35},"end":{"line":17,"column":102}},"line":17},"2":{"name":"(anonymous_2)","decl":{"start":{"line":18,"column":26},"end":{"line":18,"column":27}},"loc":{"start":{"line":18,"column":32},"end":{"line":18,"column":77}},"line":18},"3":{"name":"(anonymous_3)","decl":{"start":{"line":20,"column":12},"end":{"line":20,"column":13}},"loc":{"start":{"line":20,"column":18},"end":{"line":49,"column":1}},"line":20},"4":{"name":"(anonymous_4)","decl":{"start":{"line":24,"column":12},"end":{"line":24,"column":13}},"loc":{"start":{"line":24,"column":18},"end":{"line":26,"column":3}},"line":24},"5":{"name":"(anonymous_5)","decl":{"start":{"line":40,"column":22},"end":{"line":40,"column":23}},"loc":{"start":{"line":41,"column":16},"end":{"line":41,"column":71}},"line":41}},"branchMap":{"0":{"loc":{"start":{"line":41,"column":16},"end":{"line":41,"column":71}},"type":"cond-expr","locations":[{"start":{"line":41,"column":30},"end":{"line":41,"column":49}},{"start":{"line":41,"column":52},"end":{"line":41,"column":71}}],"line":41}},"s":{"0":0,"1":0,"2":0,"3":0,"4":0,"5":0,"6":0,"7":0,"8":0,"9":0,"10":0,"11":0,"12":0},"f":{"0":0,"1":0,"2":0,"3":0,"4":0,"5":0},"b":{"0":[0,0]}}
,"C:\\Users\\phill\\React\\crwn-clothing\\client\\src\\global.styles.js": {"path":"C:\\Users\\phill\\React\\crwn-clothing\\client\\src\\global.styles.js","statementMap":{"0":{"start":{"line":3,"column":28},"end":{"line":21,"column":1}}},"fnMap":{},"branchMap":{},"s":{"0":0},"f":{},"b":{}}
,"C:\\Users\\phill\\React\\crwn-clothing\\client\\src\\index.js": {"path":"C:\\Users\\phill\\React\\crwn-clothing\\client\\src\\index.js","statementMap":{"0":{"start":{"line":14,"column":0},"end":{"line":25,"column":2}},"1":{"start":{"line":27,"column":0},"end":{"line":27,"column":25}},"2":{"start":{"line":29,"column":0},"end":{"line":29,"column":29}}},"fnMap":{},"branchMap":{},"s":{"0":0,"1":0,"2":0},"f":{},"b":{}}
,"C:\\Users\\phill\\React\\crwn-clothing\\client\\src\\reportWebVitals.js": {"path":"C:\\Users\\phill\\React\\crwn-clothing\\client\\src\\reportWebVitals.js","statementMap":{"0":{"start":{"line":1,"column":24},"end":{"line":11,"column":1}},"1":{"start":{"line":2,"column":2},"end":{"line":10,"column":3}},"2":{"start":{"line":3,"column":4},"end":{"line":9,"column":7}},"3":{"start":{"line":4,"column":6},"end":{"line":4,"column":26}},"4":{"start":{"line":5,"column":6},"end":{"line":5,"column":26}},"5":{"start":{"line":6,"column":6},"end":{"line":6,"column":26}},"6":{"start":{"line":7,"column":6},"end":{"line":7,"column":26}},"7":{"start":{"line":8,"column":6},"end":{"line":8,"column":27}}},"fnMap":{"0":{"name":"(anonymous_0)","decl":{"start":{"line":1,"column":24},"end":{"line":1,"column":25}},"loc":{"start":{"line":1,"column":41},"end":{"line":11,"column":1}},"line":1},"1":{"name":"(anonymous_1)","decl":{"start":{"line":3,"column":30},"end":{"line":3,"column":31}},"loc":{"start":{"line":3,"column":79},"end":{"line":9,"column":5}},"line":3}},"branchMap":{"0":{"loc":{"start":{"line":2,"column":2},"end":{"line":10,"column":3}},"type":"if","locations":[{"start":{"line":2,"column":2},"end":{"line":10,"column":3}},{"start":{"line":2,"column":2},"end":{"line":10,"column":3}}],"line":2},"1":{"loc":{"start":{"line":2,"column":6},"end":{"line":2,"column":52}},"type":"binary-expr","locations":[{"start":{"line":2,"column":6},"end":{"line":2,"column":17}},{"start":{"line":2,"column":21},"end":{"line":2,"column":52}}],"line":2}},"s":{"0":0,"1":0,"2":0,"3":0,"4":0,"5":0,"6":0,"7":0},"f":{"0":0,"1":0},"b":{"0":[0,0],"1":[0,0]}}
,"C:\\Users\\phill\\React\\crwn-clothing\\client\\src\\service-worker.js": {"path":"C:\\Users\\phill\\React\\crwn-clothing\\client\\src\\service-worker.js","statementMap":{"0":{"start":{"line":16,"column":0},"end":{"line":16,"column":15}},"1":{"start":{"line":22,"column":0},"end":{"line":22,"column":37}},"2":{"start":{"line":27,"column":28},"end":{"line":27,"column":58}},"3":{"start":{"line":28,"column":0},"end":{"line":47,"column":2}},"4":{"start":{"line":32,"column":4},"end":{"line":34,"column":5}},"5":{"start":{"line":33,"column":6},"end":{"line":33,"column":19}},"6":{"start":{"line":36,"column":4},"end":{"line":38,"column":5}},"7":{"start":{"line":37,"column":6},"end":{"line":37,"column":19}},"8":{"start":{"line":40,"column":4},"end":{"line":42,"column":5}},"9":{"start":{"line":41,"column":6},"end":{"line":41,"column":19}},"10":{"start":{"line":44,"column":4},"end":{"line":44,"column":16}},"11":{"start":{"line":51,"column":0},"end":{"line":62,"column":2}},"12":{"start":{"line":53,"column":15},"end":{"line":53,"column":83}},"13":{"start":{"line":66,"column":0},"end":{"line":70,"column":3}},"14":{"start":{"line":67,"column":2},"end":{"line":69,"column":3}},"15":{"start":{"line":68,"column":4},"end":{"line":68,"column":23}}},"fnMap":{"0":{"name":"(anonymous_0)","decl":{"start":{"line":30,"column":2},"end":{"line":30,"column":3}},"loc":{"start":{"line":30,"column":24},"end":{"line":45,"column":3}},"line":30},"1":{"name":"(anonymous_1)","decl":{"start":{"line":53,"column":2},"end":{"line":53,"column":3}},"loc":{"start":{"line":53,"column":15},"end":{"line":53,"column":83}},"line":53},"2":{"name":"(anonymous_2)","decl":{"start":{"line":66,"column":33},"end":{"line":66,"column":34}},"loc":{"start":{"line":66,"column":44},"end":{"line":70,"column":1}},"line":66}},"branchMap":{"0":{"loc":{"start":{"line":32,"column":4},"end":{"line":34,"column":5}},"type":"if","locations":[{"start":{"line":32,"column":4},"end":{"line":34,"column":5}},{"start":{"line":32,"column":4},"end":{"line":34,"column":5}}],"line":32},"1":{"loc":{"start":{"line":36,"column":4},"end":{"line":38,"column":5}},"type":"if","locations":[{"start":{"line":36,"column":4},"end":{"line":38,"column":5}},{"start":{"line":36,"column":4},"end":{"line":38,"column":5}}],"line":36},"2":{"loc":{"start":{"line":40,"column":4},"end":{"line":42,"column":5}},"type":"if","locations":[{"start":{"line":40,"column":4},"end":{"line":42,"column":5}},{"start":{"line":40,"column":4},"end":{"line":42,"column":5}}],"line":40},"3":{"loc":{"start":{"line":53,"column":15},"end":{"line":53,"column":83}},"type":"binary-expr","locations":[{"start":{"line":53,"column":15},"end":{"line":53,"column":50}},{"start":{"line":53,"column":54},"end":{"line":53,"column":83}}],"line":53},"4":{"loc":{"start":{"line":67,"column":2},"end":{"line":69,"column":3}},"type":"if","locations":[{"start":{"line":67,"column":2},"end":{"line":69,"column":3}},{"start":{"line":67,"column":2},"end":{"line":69,"column":3}}],"line":67},"5":{"loc":{"start":{"line":67,"column":6},"end":{"line":67,"column":54}},"type":"binary-expr","locations":[{"start":{"line":67,"column":6},"end":{"line":67,"column":16}},{"start":{"line":67,"column":20},"end":{"line":67,"column":54}}],"line":67}},"s":{"0":0,"1":0,"2":0,"3":0,"4":0,"5":0,"6":0,"7":0,"8":0,"9":0,"10":0,"11":0,"12":0,"13":0,"14":0,"15":0},"f":{"0":0,"1":0,"2":0},"b":{"0":[0,0],"1":[0,0],"2":[0,0],"3":[0,0],"4":[0,0],"5":[0,0]}}
,"C:\\Users\\phill\\React\\crwn-clothing\\client\\src\\serviceWorkerRegistration.js": {"path":"C:\\Users\\phill\\React\\crwn-clothing\\client\\src\\serviceWorkerRegistration.js","statementMap":{"0":{"start":{"line":13,"column":20},"end":{"line":19,"column":1}},"1":{"start":{"line":22,"column":2},"end":{"line":52,"column":3}},"2":{"start":{"line":24,"column":22},"end":{"line":24,"column":75}},"3":{"start":{"line":25,"column":4},"end":{"line":30,"column":5}},"4":{"start":{"line":29,"column":6},"end":{"line":29,"column":13}},"5":{"start":{"line":32,"column":4},"end":{"line":51,"column":7}},"6":{"start":{"line":33,"column":20},"end":{"line":33,"column":65}},"7":{"start":{"line":35,"column":6},"end":{"line":50,"column":7}},"8":{"start":{"line":37,"column":8},"end":{"line":37,"column":47}},"9":{"start":{"line":41,"column":8},"end":{"line":46,"column":11}},"10":{"start":{"line":42,"column":10},"end":{"line":45,"column":12}},"11":{"start":{"line":49,"column":8},"end":{"line":49,"column":39}},"12":{"start":{"line":56,"column":2},"end":{"line":96,"column":7}},"13":{"start":{"line":59,"column":6},"end":{"line":92,"column":8}},"14":{"start":{"line":60,"column":33},"end":{"line":60,"column":56}},"15":{"start":{"line":61,"column":8},"end":{"line":63,"column":9}},"16":{"start":{"line":62,"column":10},"end":{"line":62,"column":17}},"17":{"start":{"line":64,"column":8},"end":{"line":91,"column":10}},"18":{"start":{"line":65,"column":10},"end":{"line":90,"column":11}},"19":{"start":{"line":66,"column":12},"end":{"line":89,"column":13}},"20":{"start":{"line":70,"column":14},"end":{"line":73,"column":16}},"21":{"start":{"line":76,"column":14},"end":{"line":78,"column":15}},"22":{"start":{"line":77,"column":16},"end":{"line":77,"column":46}},"23":{"start":{"line":83,"column":14},"end":{"line":83,"column":64}},"24":{"start":{"line":86,"column":14},"end":{"line":88,"column":15}},"25":{"start":{"line":87,"column":16},"end":{"line":87,"column":47}},"26":{"start":{"line":95,"column":6},"end":{"line":95,"column":72}},"27":{"start":{"line":101,"column":2},"end":{"line":124,"column":7}},"28":{"start":{"line":106,"column":26},"end":{"line":106,"column":62}},"29":{"start":{"line":107,"column":6},"end":{"line":120,"column":7}},"30":{"start":{"line":112,"column":8},"end":{"line":116,"column":11}},"31":{"start":{"line":113,"column":10},"end":{"line":115,"column":13}},"32":{"start":{"line":114,"column":12},"end":{"line":114,"column":37}},"33":{"start":{"line":119,"column":8},"end":{"line":119,"column":39}},"34":{"start":{"line":123,"column":6},"end":{"line":123,"column":83}},"35":{"start":{"line":128,"column":2},"end":{"line":136,"column":3}},"36":{"start":{"line":129,"column":4},"end":{"line":135,"column":9}},"37":{"start":{"line":131,"column":8},"end":{"line":131,"column":34}},"38":{"start":{"line":134,"column":8},"end":{"line":134,"column":37}}},"fnMap":{"0":{"name":"register","decl":{"start":{"line":21,"column":16},"end":{"line":21,"column":24}},"loc":{"start":{"line":21,"column":33},"end":{"line":53,"column":1}},"line":21},"1":{"name":"(anonymous_1)","decl":{"start":{"line":32,"column":36},"end":{"line":32,"column":37}},"loc":{"start":{"line":32,"column":42},"end":{"line":51,"column":5}},"line":32},"2":{"name":"(anonymous_2)","decl":{"start":{"line":41,"column":43},"end":{"line":41,"column":44}},"loc":{"start":{"line":41,"column":49},"end":{"line":46,"column":9}},"line":41},"3":{"name":"registerValidSW","decl":{"start":{"line":55,"column":9},"end":{"line":55,"column":24}},"loc":{"start":{"line":55,"column":40},"end":{"line":97,"column":1}},"line":55},"4":{"name":"(anonymous_4)","decl":{"start":{"line":58,"column":10},"end":{"line":58,"column":11}},"loc":{"start":{"line":58,"column":28},"end":{"line":93,"column":5}},"line":58},"5":{"name":"(anonymous_5)","decl":{"start":{"line":59,"column":35},"end":{"line":59,"column":36}},"loc":{"start":{"line":59,"column":41},"end":{"line":92,"column":7}},"line":59},"6":{"name":"(anonymous_6)","decl":{"start":{"line":64,"column":41},"end":{"line":64,"column":42}},"loc":{"start":{"line":64,"column":47},"end":{"line":91,"column":9}},"line":64},"7":{"name":"(anonymous_7)","decl":{"start":{"line":94,"column":11},"end":{"line":94,"column":12}},"loc":{"start":{"line":94,"column":22},"end":{"line":96,"column":5}},"line":94},"8":{"name":"checkValidServiceWorker","decl":{"start":{"line":99,"column":9},"end":{"line":99,"column":32}},"loc":{"start":{"line":99,"column":48},"end":{"line":125,"column":1}},"line":99},"9":{"name":"(anonymous_9)","decl":{"start":{"line":104,"column":10},"end":{"line":104,"column":11}},"loc":{"start":{"line":104,"column":24},"end":{"line":121,"column":5}},"line":104},"10":{"name":"(anonymous_10)","decl":{"start":{"line":112,"column":43},"end":{"line":112,"column":44}},"loc":{"start":{"line":112,"column":61},"end":{"line":116,"column":9}},"line":112},"11":{"name":"(anonymous_11)","decl":{"start":{"line":113,"column":41},"end":{"line":113,"column":42}},"loc":{"start":{"line":113,"column":47},"end":{"line":115,"column":11}},"line":113},"12":{"name":"(anonymous_12)","decl":{"start":{"line":122,"column":11},"end":{"line":122,"column":12}},"loc":{"start":{"line":122,"column":17},"end":{"line":124,"column":5}},"line":122},"13":{"name":"unregister","decl":{"start":{"line":127,"column":16},"end":{"line":127,"column":26}},"loc":{"start":{"line":127,"column":29},"end":{"line":137,"column":1}},"line":127},"14":{"name":"(anonymous_14)","decl":{"start":{"line":130,"column":12},"end":{"line":130,"column":13}},"loc":{"start":{"line":130,"column":30},"end":{"line":132,"column":7}},"line":130},"15":{"name":"(anonymous_15)","decl":{"start":{"line":133,"column":13},"end":{"line":133,"column":14}},"loc":{"start":{"line":133,"column":24},"end":{"line":135,"column":7}},"line":133}},"branchMap":{"0":{"loc":{"start":{"line":14,"column":2},"end":{"line":18,"column":92}},"type":"binary-expr","locations":[{"start":{"line":14,"column":2},"end":{"line":14,"column":42}},{"start":{"line":16,"column":4},"end":{"line":16,"column":40}},{"start":{"line":18,"column":4},"end":{"line":18,"column":92}}],"line":14},"1":{"loc":{"start":{"line":22,"column":2},"end":{"line":52,"column":3}},"type":"if","locations":[{"start":{"line":22,"column":2},"end":{"line":52,"column":3}},{"start":{"line":22,"column":2},"end":{"line":52,"column":3}}],"line":22},"2":{"loc":{"start":{"line":22,"column":6},"end":{"line":22,"column":75}},"type":"binary-expr","locations":[{"start":{"line":22,"column":6},"end":{"line":22,"column":43}},{"start":{"line":22,"column":47},"end":{"line":22,"column":75}}],"line":22},"3":{"loc":{"start":{"line":25,"column":4},"end":{"line":30,"column":5}},"type":"if","locations":[{"start":{"line":25,"column":4},"end":{"line":30,"column":5}},{"start":{"line":25,"column":4},"end":{"line":30,"column":5}}],"line":25},"4":{"loc":{"start":{"line":35,"column":6},"end":{"line":50,"column":7}},"type":"if","locations":[{"start":{"line":35,"column":6},"end":{"line":50,"column":7}},{"start":{"line":35,"column":6},"end":{"line":50,"column":7}}],"line":35},"5":{"loc":{"start":{"line":61,"column":8},"end":{"line":63,"column":9}},"type":"if","locations":[{"start":{"line":61,"column":8},"end":{"line":63,"column":9}},{"start":{"line":61,"column":8},"end":{"line":63,"column":9}}],"line":61},"6":{"loc":{"start":{"line":65,"column":10},"end":{"line":90,"column":11}},"type":"if","locations":[{"start":{"line":65,"column":10},"end":{"line":90,"column":11}},{"start":{"line":65,"column":10},"end":{"line":90,"column":11}}],"line":65},"7":{"loc":{"start":{"line":66,"column":12},"end":{"line":89,"column":13}},"type":"if","locations":[{"start":{"line":66,"column":12},"end":{"line":89,"column":13}},{"start":{"line":66,"column":12},"end":{"line":89,"column":13}}],"line":66},"8":{"loc":{"start":{"line":76,"column":14},"end":{"line":78,"column":15}},"type":"if","locations":[{"start":{"line":76,"column":14},"end":{"line":78,"column":15}},{"start":{"line":76,"column":14},"end":{"line":78,"column":15}}],"line":76},"9":{"loc":{"start":{"line":76,"column":18},"end":{"line":76,"column":43}},"type":"binary-expr","locations":[{"start":{"line":76,"column":18},"end":{"line":76,"column":24}},{"start":{"line":76,"column":28},"end":{"line":76,"column":43}}],"line":76},"10":{"loc":{"start":{"line":86,"column":14},"end":{"line":88,"column":15}},"type":"if","locations":[{"start":{"line":86,"column":14},"end":{"line":88,"column":15}},{"start":{"line":86,"column":14},"end":{"line":88,"column":15}}],"line":86},"11":{"loc":{"start":{"line":86,"column":18},"end":{"line":86,"column":44}},"type":"binary-expr","locations":[{"start":{"line":86,"column":18},"end":{"line":86,"column":24}},{"start":{"line":86,"column":28},"end":{"line":86,"column":44}}],"line":86},"12":{"loc":{"start":{"line":107,"column":6},"end":{"line":120,"column":7}},"type":"if","locations":[{"start":{"line":107,"column":6},"end":{"line":120,"column":7}},{"start":{"line":107,"column":6},"end":{"line":120,"column":7}}],"line":107},"13":{"loc":{"start":{"line":108,"column":8},"end":{"line":109,"column":73}},"type":"binary-expr","locations":[{"start":{"line":108,"column":8},"end":{"line":108,"column":31}},{"start":{"line":109,"column":9},"end":{"line":109,"column":28}},{"start":{"line":109,"column":32},"end":{"line":109,"column":72}}],"line":108},"14":{"loc":{"start":{"line":128,"column":2},"end":{"line":136,"column":3}},"type":"if","locations":[{"start":{"line":128,"column":2},"end":{"line":136,"column":3}},{"start":{"line":128,"column":2},"end":{"line":136,"column":3}}],"line":128}},"s":{"0":0,"1":0,"2":0,"3":0,"4":0,"5":0,"6":0,"7":0,"8":0,"9":0,"10":0,"11":0,"12":0,"13":0,"14":0,"15":0,"16":0,"17":0,"18":0,"19":0,"20":0,"21":0,"22":0,"23":0,"24":0,"25":0,"26":0,"27":0,"28":0,"29":0,"30":0,"31":0,"32":0,"33":0,"34":0,"35":0,"36":0,"37":0,"38":0},"f":{"0":0,"1":0,"2":0,"3":0,"4":0,"5":0,"6":0,"7":0,"8":0,"9":0,"10":0,"11":0,"12":0,"13":0,"14":0,"15":0},"b":{"0":[0,0,0],"1":[0,0],"2":[0,0],"3":[0,0],"4":[0,0],"5":[0,0],"6":[0,0],"7":[0,0],"8":[0,0],"9":[0,0],"10":[0,0],"11":[0,0],"12":[0,0],"13":[0,0,0],"14":[0,0]}}
,"C:\\Users\\phill\\React\\crwn-clothing\\client\\src\\components\\cart-dropdown\\cart-dropdown.component.jsx": {"path":"C:\\Users\\phill\\React\\crwn-clothing\\client\\src\\components\\cart-dropdown\\cart-dropdown.component.jsx","statementMap":{"0":{"start":{"line":15,"column":21},"end":{"line":41,"column":1}},"1":{"start":{"line":16,"column":20},"end":{"line":16,"column":48}},"2":{"start":{"line":17,"column":19},"end":{"line":17,"column":32}},"3":{"start":{"line":18,"column":18},"end":{"line":18,"column":30}},"4":{"start":{"line":20,"column":2},"end":{"line":40,"column":4}},"5":{"start":{"line":25,"column":12},"end":{"line":25,"column":58}},"6":{"start":{"line":33,"column":10},"end":{"line":33,"column":36}},"7":{"start":{"line":34,"column":10},"end":{"line":34,"column":39}}},"fnMap":{"0":{"name":"(anonymous_0)","decl":{"start":{"line":15,"column":21},"end":{"line":15,"column":22}},"loc":{"start":{"line":15,"column":27},"end":{"line":41,"column":1}},"line":15},"1":{"name":"(anonymous_1)","decl":{"start":{"line":24,"column":24},"end":{"line":24,"column":25}},"loc":{"start":{"line":25,"column":12},"end":{"line":25,"column":58}},"line":25},"2":{"name":"(anonymous_2)","decl":{"start":{"line":32,"column":17},"end":{"line":32,"column":18}},"loc":{"start":{"line":32,"column":23},"end":{"line":35,"column":9}},"line":32}},"branchMap":{"0":{"loc":{"start":{"line":23,"column":9},"end":{"line":29,"column":9}},"type":"cond-expr","locations":[{"start":{"line":24,"column":10},"end":{"line":26,"column":12}},{"start":{"line":28,"column":10},"end":{"line":28,"column":75}}],"line":23}},"s":{"0":1,"1":3,"2":3,"3":3,"4":3,"5":6,"6":1,"7":1},"f":{"0":3,"1":6,"2":1},"b":{"0":[2,1]},"_coverageSchema":"1a1c01bbd47fc00a2c39e90264f33305004495a9","hash":"962e93108ac0e79f93e9edf97cb3708317fa30ee"}
,"C:\\Users\\phill\\React\\crwn-clothing\\client\\src\\components\\cart-dropdown\\cart-dropdown.styles.jsx": {"path":"C:\\Users\\phill\\React\\crwn-clothing\\client\\src\\components\\cart-dropdown\\cart-dropdown.styles.jsx","statementMap":{"0":{"start":{"line":4,"column":37},"end":{"line":16,"column":1}},"1":{"start":{"line":18,"column":34},"end":{"line":23,"column":1}},"2":{"start":{"line":25,"column":37},"end":{"line":28,"column":1}},"3":{"start":{"line":30,"column":0},"end":{"line":30,"column":60}},"4":{"start":{"line":32,"column":34},"end":{"line":34,"column":1}},"5":{"start":{"line":36,"column":0},"end":{"line":36,"column":54}}},"fnMap":{},"branchMap":{},"s":{"0":1,"1":1,"2":1,"3":1,"4":1,"5":1},"f":{},"b":{},"_coverageSchema":"1a1c01bbd47fc00a2c39e90264f33305004495a9","hash":"0482d23a7caa31e3775a6f70d2af445346ace27d"}
,"C:\\Users\\phill\\React\\crwn-clothing\\client\\src\\components\\cart-icon\\cart-icon.component.jsx": {"path":"C:\\Users\\phill\\React\\crwn-clothing\\client\\src\\components\\cart-icon\\cart-icon.component.jsx","statementMap":{"0":{"start":{"line":13,"column":17},"end":{"line":23,"column":1}},"1":{"start":{"line":14,"column":20},"end":{"line":14,"column":53}},"2":{"start":{"line":15,"column":19},"end":{"line":15,"column":32}},"3":{"start":{"line":17,"column":2},"end":{"line":22,"column":4}},"4":{"start":{"line":18,"column":38},"end":{"line":18,"column":66}}},"fnMap":{"0":{"name":"(anonymous_0)","decl":{"start":{"line":13,"column":17},"end":{"line":13,"column":18}},"loc":{"start":{"line":13,"column":23},"end":{"line":23,"column":1}},"line":13},"1":{"name":"(anonymous_1)","decl":{"start":{"line":18,"column":32},"end":{"line":18,"column":33}},"loc":{"start":{"line":18,"column":38},"end":{"line":18,"column":66}},"line":18}},"branchMap":{},"s":{"0":1,"1":3,"2":3,"3":3,"4":1},"f":{"0":3,"1":1},"b":{},"_coverageSchema":"1a1c01bbd47fc00a2c39e90264f33305004495a9","hash":"80fd281f217d66b2d2d82422cc8f0410aab951ad"}
,"C:\\Users\\phill\\React\\crwn-clothing\\client\\src\\components\\cart-icon\\cart-icon.styles.jsx": {"path":"C:\\Users\\phill\\React\\crwn-clothing\\client\\src\\components\\cart-icon\\cart-icon.styles.jsx","statementMap":{"0":{"start":{"line":5,"column":33},"end":{"line":13,"column":1}},"1":{"start":{"line":15,"column":0},"end":{"line":15,"column":52}},"2":{"start":{"line":17,"column":34},"end":{"line":22,"column":1}},"3":{"start":{"line":24,"column":0},"end":{"line":24,"column":54}},"4":{"start":{"line":26,"column":37},"end":{"line":29,"column":1}}},"fnMap":{},"branchMap":{},"s":{"0":1,"1":1,"2":1,"3":1,"4":1},"f":{},"b":{},"_coverageSchema":"1a1c01bbd47fc00a2c39e90264f33305004495a9","hash":"74912dc5c86be40297c14928c087b930713f9dd9"}
,"C:\\Users\\phill\\React\\crwn-clothing\\client\\src\\components\\cart-item\\cart-item.component.jsx": {"path":"C:\\Users\\phill\\React\\crwn-clothing\\client\\src\\components\\cart-item\\cart-item.component.jsx","statementMap":{"0":{"start":{"line":5,"column":17},"end":{"line":15,"column":1}},"1":{"start":{"line":6,"column":4},"end":{"line":14,"column":24}}},"fnMap":{"0":{"name":"(anonymous_0)","decl":{"start":{"line":5,"column":17},"end":{"line":5,"column":18}},"loc":{"start":{"line":6,"column":4},"end":{"line":14,"column":24}},"line":6}},"branchMap":{},"s":{"0":2,"1":1},"f":{"0":1},"b":{},"_coverageSchema":"1a1c01bbd47fc00a2c39e90264f33305004495a9","hash":"64d0ded82a3129a23e91c533471931411a106c49"}
,"C:\\Users\\phill\\React\\crwn-clothing\\client\\src\\components\\cart-item\\cart-item.styles.jsx": {"path":"C:\\Users\\phill\\React\\crwn-clothing\\client\\src\\components\\cart-item\\cart-item.styles.jsx","statementMap":{"0":{"start":{"line":3,"column":33},"end":{"line":8,"column":1}},"1":{"start":{"line":10,"column":30},"end":{"line":12,"column":1}},"2":{"start":{"line":14,"column":36},"end":{"line":21,"column":1}},"3":{"start":{"line":23,"column":29},"end":{"line":25,"column":1}},"4":{"start":{"line":27,"column":30},"end":{"line":29,"column":1}}},"fnMap":{},"branchMap":{},"s":{"0":2,"1":2,"2":2,"3":2,"4":2},"f":{},"b":{},"_coverageSchema":"1a1c01bbd47fc00a2c39e90264f33305004495a9","hash":"e0f0c034a4fdbe5c5c1db2b946e570e3f752ca18"}
,"C:\\Users\\phill\\React\\crwn-clothing\\client\\src\\components\\checkout-item\\checkout-item.component.jsx": {"path":"C:\\Users\\phill\\React\\crwn-clothing\\client\\src\\components\\checkout-item\\checkout-item.component.jsx","statementMap":{"0":{"start":{"line":18,"column":21},"end":{"line":38,"column":1}},"1":{"start":{"line":19,"column":46},"end":{"line":19,"column":54}},"2":{"start":{"line":20,"column":19},"end":{"line":20,"column":32}},"3":{"start":{"line":21,"column":2},"end":{"line":37,"column":4}},"4":{"start":{"line":28,"column":48},"end":{"line":28,"column":78}},"5":{"start":{"line":30,"column":48},"end":{"line":30,"column":75}},"6":{"start":{"line":33,"column":35},"end":{"line":33,"column":72}}},"fnMap":{"0":{"name":"(anonymous_0)","decl":{"start":{"line":18,"column":21},"end":{"line":18,"column":22}},"loc":{"start":{"line":18,"column":39},"end":{"line":38,"column":1}},"line":18},"1":{"name":"(anonymous_1)","decl":{"start":{"line":28,"column":42},"end":{"line":28,"column":43}},"loc":{"start":{"line":28,"column":48},"end":{"line":28,"column":78}},"line":28},"2":{"name":"(anonymous_2)","decl":{"start":{"line":30,"column":42},"end":{"line":30,"column":43}},"loc":{"start":{"line":30,"column":48},"end":{"line":30,"column":75}},"line":30},"3":{"name":"(anonymous_3)","decl":{"start":{"line":33,"column":29},"end":{"line":33,"column":30}},"loc":{"start":{"line":33,"column":35},"end":{"line":33,"column":72}},"line":33}},"branchMap":{},"s":{"0":1,"1":4,"2":4,"3":4,"4":1,"5":1,"6":1},"f":{"0":4,"1":1,"2":1,"3":1},"b":{},"_coverageSchema":"1a1c01bbd47fc00a2c39e90264f33305004495a9","hash":"723c709f2e5743e5a3d2cb4199cf0cb42e244d25"}
,"C:\\Users\\phill\\React\\crwn-clothing\\client\\src\\components\\checkout-item\\checkout-item.styles.jsx": {"path":"C:\\Users\\phill\\React\\crwn-clothing\\client\\src\\components\\checkout-item\\checkout-item.styles.jsx","statementMap":{"0":{"start":{"line":3,"column":37},"end":{"line":15,"column":1}},"1":{"start":{"line":17,"column":30},"end":{"line":25,"column":1}},"2":{"start":{"line":27,"column":29},"end":{"line":29,"column":1}},"3":{"start":{"line":31,"column":33},"end":{"line":41,"column":1}},"4":{"start":{"line":43,"column":28},"end":{"line":46,"column":1}},"5":{"start":{"line":48,"column":0},"end":{"line":48,"column":42}}},"fnMap":{},"branchMap":{},"s":{"0":1,"1":1,"2":1,"3":1,"4":1,"5":1},"f":{},"b":{},"_coverageSchema":"1a1c01bbd47fc00a2c39e90264f33305004495a9","hash":"9f6385307f465c4c8598d27b387a373641161874"}
,"C:\\Users\\phill\\React\\crwn-clothing\\client\\src\\components\\collection-item\\collection-item.component.jsx": {"path":"C:\\Users\\phill\\React\\crwn-clothing\\client\\src\\components\\collection-item\\collection-item.component.jsx","statementMap":{"0":{"start":{"line":15,"column":23},"end":{"line":32,"column":1}},"1":{"start":{"line":16,"column":36},"end":{"line":16,"column":40}},"2":{"start":{"line":17,"column":19},"end":{"line":17,"column":32}},"3":{"start":{"line":19,"column":2},"end":{"line":31,"column":4}},"4":{"start":{"line":26,"column":32},"end":{"line":26,"column":55}}},"fnMap":{"0":{"name":"(anonymous_0)","decl":{"start":{"line":15,"column":23},"end":{"line":15,"column":24}},"loc":{"start":{"line":15,"column":37},"end":{"line":32,"column":1}},"line":15},"1":{"name":"(anonymous_1)","decl":{"start":{"line":26,"column":26},"end":{"line":26,"column":27}},"loc":{"start":{"line":26,"column":32},"end":{"line":26,"column":55}},"line":26}},"branchMap":{},"s":{"0":2,"1":3,"2":3,"3":3,"4":1},"f":{"0":3,"1":1},"b":{},"_coverageSchema":"1a1c01bbd47fc00a2c39e90264f33305004495a9","hash":"0e4f1fa53256020d825edacb220f604e0cf18689"}
,"C:\\Users\\phill\\React\\crwn-clothing\\client\\src\\components\\collection-item\\collection-item.styles.jsx": {"path":"C:\\Users\\phill\\React\\crwn-clothing\\client\\src\\components\\collection-item\\collection-item.styles.jsx","statementMap":{"0":{"start":{"line":5,"column":39},"end":{"line":37,"column":1}},"1":{"start":{"line":39,"column":40},"end":{"line":46,"column":1}},"2":{"start":{"line":45,"column":42},"end":{"line":45,"column":60}},"3":{"start":{"line":48,"column":0},"end":{"line":48,"column":66}},"4":{"start":{"line":50,"column":25},"end":{"line":63,"column":1}},"5":{"start":{"line":65,"column":0},"end":{"line":65,"column":36}},"6":{"start":{"line":67,"column":41},"end":{"line":73,"column":1}},"7":{"start":{"line":75,"column":24},"end":{"line":78,"column":1}},"8":{"start":{"line":80,"column":25},"end":{"line":82,"column":1}}},"fnMap":{"0":{"name":"(anonymous_0)","decl":{"start":{"line":45,"column":24},"end":{"line":45,"column":25}},"loc":{"start":{"line":45,"column":42},"end":{"line":45,"column":60}},"line":45}},"branchMap":{},"s":{"0":2,"1":2,"2":0,"3":2,"4":2,"5":2,"6":2,"7":2,"8":2},"f":{"0":0},"b":{},"_coverageSchema":"1a1c01bbd47fc00a2c39e90264f33305004495a9","hash":"ca6cf3a79448d44409d307b9c0411a7340e1e658"}
,"C:\\Users\\phill\\React\\crwn-clothing\\client\\src\\components\\collection-preview\\collection-preview.component.jsx": {"path":"C:\\Users\\phill\\React\\crwn-clothing\\client\\src\\components\\collection-preview\\collection-preview.component.jsx","statementMap":{"0":{"start":{"line":12,"column":26},"end":{"line":30,"column":1}},"1":{"start":{"line":13,"column":18},"end":{"line":13,"column":30}},"2":{"start":{"line":14,"column":16},"end":{"line":14,"column":31}},"3":{"start":{"line":16,"column":2},"end":{"line":29,"column":4}},"4":{"start":{"line":18,"column":34},"end":{"line":18,"column":76}},"5":{"start":{"line":23,"column":33},"end":{"line":23,"column":40}},"6":{"start":{"line":25,"column":12},"end":{"line":25,"column":56}}},"fnMap":{"0":{"name":"(anonymous_0)","decl":{"start":{"line":12,"column":26},"end":{"line":12,"column":27}},"loc":{"start":{"line":12,"column":59},"end":{"line":30,"column":1}},"line":12},"1":{"name":"(anonymous_1)","decl":{"start":{"line":18,"column":28},"end":{"line":18,"column":29}},"loc":{"start":{"line":18,"column":34},"end":{"line":18,"column":76}},"line":18},"2":{"name":"(anonymous_2)","decl":{"start":{"line":23,"column":18},"end":{"line":23,"column":19}},"loc":{"start":{"line":23,"column":33},"end":{"line":23,"column":40}},"line":23},"3":{"name":"(anonymous_3)","decl":{"start":{"line":24,"column":15},"end":{"line":24,"column":16}},"loc":{"start":{"line":25,"column":12},"end":{"line":25,"column":56}},"line":25}},"branchMap":{},"s":{"0":1,"1":5,"2":5,"3":5,"4":1,"5":17,"6":16},"f":{"0":5,"1":1,"2":17,"3":16},"b":{},"_coverageSchema":"1a1c01bbd47fc00a2c39e90264f33305004495a9","hash":"fc40153645e14a816a538b4b7bf22443bd111a73"}
,"C:\\Users\\phill\\React\\crwn-clothing\\client\\src\\components\\collection-preview\\collection-preview.styles.jsx": {"path":"C:\\Users\\phill\\React\\crwn-clothing\\client\\src\\components\\collection-preview\\collection-preview.styles.jsx","statementMap":{"0":{"start":{"line":3,"column":42},"end":{"line":12,"column":1}},"1":{"start":{"line":14,"column":27},"end":{"line":22,"column":1}},"2":{"start":{"line":24,"column":0},"end":{"line":24,"column":40}},"3":{"start":{"line":26,"column":32},"end":{"line":35,"column":1}}},"fnMap":{},"branchMap":{},"s":{"0":1,"1":1,"2":1,"3":1},"f":{},"b":{},"_coverageSchema":"1a1c01bbd47fc00a2c39e90264f33305004495a9","hash":"7df37c9c6ce46ffebd97ff9201b6207358cef724"}
,"C:\\Users\\phill\\React\\crwn-clothing\\client\\src\\components\\collections-overview\\collections-overview.component.jsx": {"path":"C:\\Users\\phill\\React\\crwn-clothing\\client\\src\\components\\collections-overview\\collections-overview.component.jsx","statementMap":{"0":{"start":{"line":10,"column":28},"end":{"line":20,"column":1}},"1":{"start":{"line":11,"column":22},"end":{"line":11,"column":66}},"2":{"start":{"line":13,"column":2},"end":{"line":19,"column":4}},"3":{"start":{"line":16,"column":8},"end":{"line":16,"column":64}}},"fnMap":{"0":{"name":"(anonymous_0)","decl":{"start":{"line":10,"column":28},"end":{"line":10,"column":29}},"loc":{"start":{"line":10,"column":34},"end":{"line":20,"column":1}},"line":10},"1":{"name":"(anonymous_1)","decl":{"start":{"line":15,"column":23},"end":{"line":15,"column":24}},"loc":{"start":{"line":16,"column":8},"end":{"line":16,"column":64}},"line":16}},"branchMap":{},"s":{"0":0,"1":0,"2":0,"3":0},"f":{"0":0,"1":0},"b":{}}
,"C:\\Users\\phill\\React\\crwn-clothing\\client\\src\\components\\collections-overview\\collections-overview.container.jsx": {"path":"C:\\Users\\phill\\React\\crwn-clothing\\client\\src\\components\\collections-overview\\collections-overview.container.jsx","statementMap":{"0":{"start":{"line":9,"column":24},"end":{"line":11,"column":2}},"1":{"start":{"line":13,"column":37},"end":{"line":16,"column":22}}},"fnMap":{},"branchMap":{},"s":{"0":0,"1":0},"f":{},"b":{}}
,"C:\\Users\\phill\\React\\crwn-clothing\\client\\src\\components\\collections-overview\\collections-overview.styles.jsx": {"path":"C:\\Users\\phill\\React\\crwn-clothing\\client\\src\\components\\collections-overview\\collections-overview.styles.jsx","statementMap":{"0":{"start":{"line":3,"column":44},"end":{"line":6,"column":1}}},"fnMap":{},"branchMap":{},"s":{"0":0},"f":{},"b":{}}
,"C:\\Users\\phill\\React\\crwn-clothing\\client\\src\\components\\custom-button\\custom-button.component.jsx": {"path":"C:\\Users\\phill\\React\\crwn-clothing\\client\\src\\components\\custom-button\\custom-button.component.jsx","statementMap":{"0":{"start":{"line":5,"column":21},"end":{"line":9,"column":1}},"1":{"start":{"line":6,"column":4},"end":{"line":8,"column":28}}},"fnMap":{"0":{"name":"(anonymous_0)","decl":{"start":{"line":5,"column":21},"end":{"line":5,"column":22}},"loc":{"start":{"line":6,"column":4},"end":{"line":8,"column":28}},"line":6}},"branchMap":{},"s":{"0":3,"1":0},"f":{"0":0},"b":{},"_coverageSchema":"1a1c01bbd47fc00a2c39e90264f33305004495a9","hash":"eed1085a149e236badc3cc66c21fbbfbc3cdccc6"}
,"C:\\Users\\phill\\React\\crwn-clothing\\client\\src\\components\\custom-button\\custon-button.styles.jsx": {"path":"C:\\Users\\phill\\React\\crwn-clothing\\client\\src\\components\\custom-button\\custon-button.styles.jsx","statementMap":{"0":{"start":{"line":3,"column":21},"end":{"line":12,"column":1}},"1":{"start":{"line":14,"column":29},"end":{"line":25,"column":1}},"2":{"start":{"line":27,"column":27},"end":{"line":36,"column":1}},"3":{"start":{"line":38,"column":24},"end":{"line":44,"column":1}},"4":{"start":{"line":39,"column":4},"end":{"line":41,"column":5}},"5":{"start":{"line":40,"column":8},"end":{"line":40,"column":34}},"6":{"start":{"line":43,"column":4},"end":{"line":43,"column":64}},"7":{"start":{"line":46,"column":37},"end":{"line":69,"column":1}}},"fnMap":{"0":{"name":"(anonymous_0)","decl":{"start":{"line":38,"column":24},"end":{"line":38,"column":25}},"loc":{"start":{"line":38,"column":33},"end":{"line":44,"column":1}},"line":38}},"branchMap":{"0":{"loc":{"start":{"line":39,"column":4},"end":{"line":41,"column":5}},"type":"if","locations":[{"start":{"line":39,"column":4},"end":{"line":41,"column":5}},{"start":{"line":39,"column":4},"end":{"line":41,"column":5}}],"line":39},"1":{"loc":{"start":{"line":43,"column":11},"end":{"line":43,"column":63}},"type":"cond-expr","locations":[{"start":{"line":43,"column":28},"end":{"line":43,"column":48}},{"start":{"line":43,"column":51},"end":{"line":43,"column":63}}],"line":43}},"s":{"0":3,"1":3,"2":3,"3":3,"4":0,"5":0,"6":0,"7":3},"f":{"0":0},"b":{"0":[0,0],"1":[0,0]},"_coverageSchema":"1a1c01bbd47fc00a2c39e90264f33305004495a9","hash":"ebcffd28e2428ad0f7f59e51d6db1a5ffc9fbb1b"}
,"C:\\Users\\phill\\React\\crwn-clothing\\client\\src\\components\\directory\\directory.component.jsx": {"path":"C:\\Users\\phill\\React\\crwn-clothing\\client\\src\\components\\directory\\directory.component.jsx","statementMap":{"0":{"start":{"line":10,"column":18},"end":{"line":20,"column":1}},"1":{"start":{"line":11,"column":19},"end":{"line":11,"column":55}},"2":{"start":{"line":13,"column":2},"end":{"line":19,"column":4}},"3":{"start":{"line":16,"column":8},"end":{"line":16,"column":52}}},"fnMap":{"0":{"name":"(anonymous_0)","decl":{"start":{"line":10,"column":18},"end":{"line":10,"column":19}},"loc":{"start":{"line":10,"column":24},"end":{"line":20,"column":1}},"line":10},"1":{"name":"(anonymous_1)","decl":{"start":{"line":15,"column":20},"end":{"line":15,"column":21}},"loc":{"start":{"line":16,"column":8},"end":{"line":16,"column":52}},"line":16}},"branchMap":{},"s":{"0":0,"1":0,"2":0,"3":0},"f":{"0":0,"1":0},"b":{}}
,"C:\\Users\\phill\\React\\crwn-clothing\\client\\src\\components\\directory\\directory.styles.jsx": {"path":"C:\\Users\\phill\\React\\crwn-clothing\\client\\src\\components\\directory\\directory.styles.jsx","statementMap":{"0":{"start":{"line":3,"column":38},"end":{"line":8,"column":1}}},"fnMap":{},"branchMap":{},"s":{"0":0},"f":{},"b":{}}
,"C:\\Users\\phill\\React\\crwn-clothing\\client\\src\\components\\error-boundary\\error-boundary.component.jsx": {"path":"C:\\Users\\phill\\React\\crwn-clothing\\client\\src\\components\\error-boundary\\error-boundary.component.jsx","statementMap":{"0":{"start":{"line":7,"column":8},"end":{"line":7,"column":21}},"1":{"start":{"line":9,"column":8},"end":{"line":11,"column":10}},"2":{"start":{"line":15,"column":8},"end":{"line":15,"column":36}},"3":{"start":{"line":19,"column":8},"end":{"line":19,"column":27}},"4":{"start":{"line":20,"column":8},"end":{"line":20,"column":26}},"5":{"start":{"line":24,"column":8},"end":{"line":31,"column":32}}},"fnMap":{"0":{"name":"(anonymous_0)","decl":{"start":{"line":6,"column":4},"end":{"line":6,"column":5}},"loc":{"start":{"line":6,"column":23},"end":{"line":12,"column":5}},"line":6},"1":{"name":"(anonymous_1)","decl":{"start":{"line":14,"column":4},"end":{"line":14,"column":5}},"loc":{"start":{"line":14,"column":43},"end":{"line":16,"column":5}},"line":14},"2":{"name":"(anonymous_2)","decl":{"start":{"line":18,"column":4},"end":{"line":18,"column":5}},"loc":{"start":{"line":18,"column":35},"end":{"line":21,"column":5}},"line":18},"3":{"name":"(anonymous_3)","decl":{"start":{"line":23,"column":4},"end":{"line":23,"column":5}},"loc":{"start":{"line":23,"column":13},"end":{"line":32,"column":5}},"line":23}},"branchMap":{"0":{"loc":{"start":{"line":24,"column":15},"end":{"line":31,"column":31}},"type":"cond-expr","locations":[{"start":{"line":25,"column":12},"end":{"line":28,"column":32}},{"start":{"line":31,"column":12},"end":{"line":31,"column":31}}],"line":24}},"s":{"0":0,"1":0,"2":0,"3":0,"4":0,"5":0},"f":{"0":0,"1":0,"2":0,"3":0},"b":{"0":[0,0]}}
,"C:\\Users\\phill\\React\\crwn-clothing\\client\\src\\components\\error-boundary\\error-boundary.styles.jsx": {"path":"C:\\Users\\phill\\React\\crwn-clothing\\client\\src\\components\\error-boundary\\error-boundary.styles.jsx","statementMap":{"0":{"start":{"line":3,"column":33},"end":{"line":10,"column":1}},"1":{"start":{"line":12,"column":35},"end":{"line":19,"column":1}},"2":{"start":{"line":14,"column":40},"end":{"line":14,"column":58}},"3":{"start":{"line":21,"column":30},"end":{"line":24,"column":1}}},"fnMap":{"0":{"name":"(anonymous_0)","decl":{"start":{"line":14,"column":22},"end":{"line":14,"column":23}},"loc":{"start":{"line":14,"column":40},"end":{"line":14,"column":58}},"line":14}},"branchMap":{},"s":{"0":0,"1":0,"2":0,"3":0},"f":{"0":0},"b":{}}
,"C:\\Users\\phill\\React\\crwn-clothing\\client\\src\\components\\form-input\\form-input.component.jsx": {"path":"C:\\Users\\phill\\React\\crwn-clothing\\client\\src\\components\\form-input\\form-input.component.jsx","statementMap":{"0":{"start":{"line":9,"column":18},"end":{"line":22,"column":1}},"1":{"start":{"line":10,"column":4},"end":{"line":21,"column":21}}},"fnMap":{"0":{"name":"(anonymous_0)","decl":{"start":{"line":9,"column":18},"end":{"line":9,"column":19}},"loc":{"start":{"line":10,"column":4},"end":{"line":21,"column":21}},"line":10}},"branchMap":{"0":{"loc":{"start":{"line":13,"column":12},"end":{"line":19,"column":18}},"type":"cond-expr","locations":[{"start":{"line":15,"column":16},"end":{"line":17,"column":33}},{"start":{"line":19,"column":14},"end":{"line":19,"column":18}}],"line":13},"1":{"loc":{"start":{"line":15,"column":43},"end":{"line":15,"column":82}},"type":"cond-expr","locations":[{"start":{"line":15,"column":69},"end":{"line":15,"column":77}},{"start":{"line":15,"column":80},"end":{"line":15,"column":82}}],"line":15}},"s":{"0":0,"1":0},"f":{"0":0},"b":{"0":[0,0],"1":[0,0]}}
,"C:\\Users\\phill\\React\\crwn-clothing\\client\\src\\components\\form-input\\form-input.styles.jsx": {"path":"C:\\Users\\phill\\React\\crwn-clothing\\client\\src\\components\\form-input\\form-input.styles.jsx","statementMap":{"0":{"start":{"line":3,"column":17},"end":{"line":3,"column":23}},"1":{"start":{"line":4,"column":18},"end":{"line":4,"column":25}},"2":{"start":{"line":6,"column":26},"end":{"line":10,"column":1}},"3":{"start":{"line":12,"column":30},"end":{"line":19,"column":1}},"4":{"start":{"line":21,"column":34},"end":{"line":41,"column":1}},"5":{"start":{"line":43,"column":30},"end":{"line":56,"column":1}}},"fnMap":{},"branchMap":{},"s":{"0":0,"1":0,"2":0,"3":0,"4":0,"5":0},"f":{},"b":{}}
,"C:\\Users\\phill\\React\\crwn-clothing\\client\\src\\components\\header\\header.component.jsx": {"path":"C:\\Users\\phill\\React\\crwn-clothing\\client\\src\\components\\header\\header.component.jsx","statementMap":{"0":{"start":{"line":18,"column":15},"end":{"line":45,"column":1}},"1":{"start":{"line":19,"column":22},"end":{"line":19,"column":52}},"2":{"start":{"line":20,"column":17},"end":{"line":20,"column":46}},"3":{"start":{"line":21,"column":19},"end":{"line":21,"column":32}},"4":{"start":{"line":23,"column":25},"end":{"line":23,"column":55}},"5":{"start":{"line":23,"column":31},"end":{"line":23,"column":55}},"6":{"start":{"line":25,"column":2},"end":{"line":44,"column":4}}},"fnMap":{"0":{"name":"(anonymous_0)","decl":{"start":{"line":18,"column":15},"end":{"line":18,"column":16}},"loc":{"start":{"line":18,"column":21},"end":{"line":45,"column":1}},"line":18},"1":{"name":"(anonymous_1)","decl":{"start":{"line":23,"column":25},"end":{"line":23,"column":26}},"loc":{"start":{"line":23,"column":31},"end":{"line":23,"column":55}},"line":23}},"branchMap":{"0":{"loc":{"start":{"line":33,"column":9},"end":{"line":39,"column":9}},"type":"cond-expr","locations":[{"start":{"line":34,"column":10},"end":{"line":36,"column":23}},{"start":{"line":38,"column":10},"end":{"line":38,"column":55}}],"line":33},"1":{"loc":{"start":{"line":42,"column":7},"end":{"line":42,"column":39}},"type":"cond-expr","locations":[{"start":{"line":42,"column":16},"end":{"line":42,"column":20}},{"start":{"line":42,"column":23},"end":{"line":42,"column":39}}],"line":42}},"s":{"0":0,"1":0,"2":0,"3":0,"4":0,"5":0,"6":0},"f":{"0":0,"1":0},"b":{"0":[0,0],"1":[0,0]}}
,"C:\\Users\\phill\\React\\crwn-clothing\\client\\src\\components\\header\\header.styles.jsx": {"path":"C:\\Users\\phill\\React\\crwn-clothing\\client\\src\\components\\header\\header.styles.jsx","statementMap":{"0":{"start":{"line":4,"column":31},"end":{"line":17,"column":1}},"1":{"start":{"line":19,"column":29},"end":{"line":28,"column":1}},"2":{"start":{"line":30,"column":32},"end":{"line":40,"column":1}},"3":{"start":{"line":42,"column":26},"end":{"line":45,"column":1}}},"fnMap":{},"branchMap":{},"s":{"0":0,"1":0,"2":0,"3":0},"f":{},"b":{}}
,"C:\\Users\\phill\\React\\crwn-clothing\\client\\src\\components\\menu-item\\menu-item.component.jsx": {"path":"C:\\Users\\phill\\React\\crwn-clothing\\client\\src\\components\\menu-item\\menu-item.component.jsx","statementMap":{"0":{"start":{"line":12,"column":17},"end":{"line":31,"column":1}},"1":{"start":{"line":13,"column":18},"end":{"line":13,"column":30}},"2":{"start":{"line":14,"column":16},"end":{"line":14,"column":31}},"3":{"start":{"line":16,"column":2},"end":{"line":30,"column":4}},"4":{"start":{"line":19,"column":21},"end":{"line":19,"column":59}}},"fnMap":{"0":{"name":"(anonymous_0)","decl":{"start":{"line":12,"column":17},"end":{"line":12,"column":18}},"loc":{"start":{"line":12,"column":57},"end":{"line":31,"column":1}},"line":12},"1":{"name":"(anonymous_1)","decl":{"start":{"line":19,"column":15},"end":{"line":19,"column":16}},"loc":{"start":{"line":19,"column":21},"end":{"line":19,"column":59}},"line":19}},"branchMap":{},"s":{"0":0,"1":0,"2":0,"3":0,"4":0},"f":{"0":0,"1":0},"b":{}}
,"C:\\Users\\phill\\React\\crwn-clothing\\client\\src\\components\\menu-item\\menu-item.styles.jsx": {"path":"C:\\Users\\phill\\React\\crwn-clothing\\client\\src\\components\\menu-item\\menu-item.styles.jsx","statementMap":{"0":{"start":{"line":3,"column":33},"end":{"line":39,"column":1}},"1":{"start":{"line":5,"column":29},"end":{"line":5,"column":53}},"2":{"start":{"line":41,"column":40},"end":{"line":47,"column":1}},"3":{"start":{"line":46,"column":40},"end":{"line":46,"column":59}},"4":{"start":{"line":49,"column":32},"end":{"line":60,"column":1}},"5":{"start":{"line":62,"column":27},"end":{"line":67,"column":1}},"6":{"start":{"line":69,"column":28},"end":{"line":72,"column":1}}},"fnMap":{"0":{"name":"(anonymous_0)","decl":{"start":{"line":5,"column":14},"end":{"line":5,"column":15}},"loc":{"start":{"line":5,"column":29},"end":{"line":5,"column":53}},"line":5},"1":{"name":"(anonymous_1)","decl":{"start":{"line":46,"column":22},"end":{"line":46,"column":23}},"loc":{"start":{"line":46,"column":40},"end":{"line":46,"column":59}},"line":46}},"branchMap":{"0":{"loc":{"start":{"line":5,"column":29},"end":{"line":5,"column":53}},"type":"cond-expr","locations":[{"start":{"line":5,"column":36},"end":{"line":5,"column":43}},{"start":{"line":5,"column":46},"end":{"line":5,"column":53}}],"line":5}},"s":{"0":0,"1":0,"2":0,"3":0,"4":0,"5":0,"6":0},"f":{"0":0,"1":0},"b":{"0":[0,0]}}
,"C:\\Users\\phill\\React\\crwn-clothing\\client\\src\\components\\sign-in\\sign-in.component.jsx": {"path":"C:\\Users\\phill\\React\\crwn-clothing\\client\\src\\components\\sign-in\\sign-in.component.jsx","statementMap":{"0":{"start":{"line":18,"column":15},"end":{"line":76,"column":1}},"1":{"start":{"line":19,"column":48},"end":{"line":22,"column":4}},"2":{"start":{"line":24,"column":19},"end":{"line":24,"column":32}},"3":{"start":{"line":26,"column":30},"end":{"line":26,"column":45}},"4":{"start":{"line":28,"column":23},"end":{"line":32,"column":3}},"5":{"start":{"line":29,"column":4},"end":{"line":29,"column":27}},"6":{"start":{"line":31,"column":4},"end":{"line":31,"column":52}},"7":{"start":{"line":34,"column":23},"end":{"line":38,"column":3}},"8":{"start":{"line":35,"column":28},"end":{"line":35,"column":40}},"9":{"start":{"line":37,"column":4},"end":{"line":37,"column":62}},"10":{"start":{"line":40,"column":2},"end":{"line":75,"column":4}},"11":{"start":{"line":67,"column":27},"end":{"line":67,"column":56}}},"fnMap":{"0":{"name":"(anonymous_0)","decl":{"start":{"line":18,"column":15},"end":{"line":18,"column":16}},"loc":{"start":{"line":18,"column":21},"end":{"line":76,"column":1}},"line":18},"1":{"name":"(anonymous_1)","decl":{"start":{"line":28,"column":23},"end":{"line":28,"column":24}},"loc":{"start":{"line":28,"column":40},"end":{"line":32,"column":3}},"line":28},"2":{"name":"(anonymous_2)","decl":{"start":{"line":34,"column":23},"end":{"line":34,"column":24}},"loc":{"start":{"line":34,"column":34},"end":{"line":38,"column":3}},"line":34},"3":{"name":"(anonymous_3)","decl":{"start":{"line":67,"column":21},"end":{"line":67,"column":22}},"loc":{"start":{"line":67,"column":27},"end":{"line":67,"column":56}},"line":67}},"branchMap":{},"s":{"0":0,"1":0,"2":0,"3":0,"4":0,"5":0,"6":0,"7":0,"8":0,"9":0,"10":0,"11":0},"f":{"0":0,"1":0,"2":0,"3":0},"b":{}}
,"C:\\Users\\phill\\React\\crwn-clothing\\client\\src\\components\\sign-in\\sign-in.styles.jsx": {"path":"C:\\Users\\phill\\React\\crwn-clothing\\client\\src\\components\\sign-in\\sign-in.styles.jsx","statementMap":{"0":{"start":{"line":3,"column":31},"end":{"line":12,"column":1}},"1":{"start":{"line":14,"column":30},"end":{"line":16,"column":1}},"2":{"start":{"line":18,"column":31},"end":{"line":21,"column":1}}},"fnMap":{},"branchMap":{},"s":{"0":0,"1":0,"2":0},"f":{},"b":{}}
,"C:\\Users\\phill\\React\\crwn-clothing\\client\\src\\components\\sign-up\\sign-up.component.jsx": {"path":"C:\\Users\\phill\\React\\crwn-clothing\\client\\src\\components\\sign-up\\sign-up.component.jsx","statementMap":{"0":{"start":{"line":11,"column":15},"end":{"line":80,"column":1}},"1":{"start":{"line":12,"column":48},"end":{"line":17,"column":4}},"2":{"start":{"line":19,"column":60},"end":{"line":19,"column":75}},"3":{"start":{"line":20,"column":19},"end":{"line":20,"column":32}},"4":{"start":{"line":22,"column":23},"end":{"line":31,"column":3}},"5":{"start":{"line":23,"column":4},"end":{"line":23,"column":27}},"6":{"start":{"line":25,"column":4},"end":{"line":28,"column":5}},"7":{"start":{"line":26,"column":6},"end":{"line":26,"column":37}},"8":{"start":{"line":27,"column":6},"end":{"line":27,"column":13}},"9":{"start":{"line":30,"column":4},"end":{"line":30,"column":60}},"10":{"start":{"line":33,"column":23},"end":{"line":37,"column":3}},"11":{"start":{"line":34,"column":28},"end":{"line":34,"column":40}},"12":{"start":{"line":36,"column":4},"end":{"line":36,"column":62}},"13":{"start":{"line":39,"column":2},"end":{"line":79,"column":4}}},"fnMap":{"0":{"name":"(anonymous_0)","decl":{"start":{"line":11,"column":15},"end":{"line":11,"column":16}},"loc":{"start":{"line":11,"column":21},"end":{"line":80,"column":1}},"line":11},"1":{"name":"(anonymous_1)","decl":{"start":{"line":22,"column":23},"end":{"line":22,"column":24}},"loc":{"start":{"line":22,"column":40},"end":{"line":31,"column":3}},"line":22},"2":{"name":"(anonymous_2)","decl":{"start":{"line":33,"column":23},"end":{"line":33,"column":24}},"loc":{"start":{"line":33,"column":34},"end":{"line":37,"column":3}},"line":33}},"branchMap":{"0":{"loc":{"start":{"line":25,"column":4},"end":{"line":28,"column":5}},"type":"if","locations":[{"start":{"line":25,"column":4},"end":{"line":28,"column":5}},{"start":{"line":25,"column":4},"end":{"line":28,"column":5}}],"line":25}},"s":{"0":0,"1":0,"2":0,"3":0,"4":0,"5":0,"6":0,"7":0,"8":0,"9":0,"10":0,"11":0,"12":0,"13":0},"f":{"0":0,"1":0,"2":0},"b":{"0":[0,0]}}
,"C:\\Users\\phill\\React\\crwn-clothing\\client\\src\\components\\sign-up\\sign-up.styles.jsx": {"path":"C:\\Users\\phill\\React\\crwn-clothing\\client\\src\\components\\sign-up\\sign-up.styles.jsx","statementMap":{"0":{"start":{"line":3,"column":31},"end":{"line":11,"column":1}},"1":{"start":{"line":13,"column":27},"end":{"line":15,"column":1}}},"fnMap":{},"branchMap":{},"s":{"0":0,"1":0},"f":{},"b":{}}
,"C:\\Users\\phill\\React\\crwn-clothing\\client\\src\\components\\spinner\\spinner.component.jsx": {"path":"C:\\Users\\phill\\React\\crwn-clothing\\client\\src\\components\\spinner\\spinner.component.jsx","statementMap":{"0":{"start":{"line":5,"column":16},"end":{"line":9,"column":1}},"1":{"start":{"line":6,"column":4},"end":{"line":8,"column":21}}},"fnMap":{"0":{"name":"(anonymous_0)","decl":{"start":{"line":5,"column":16},"end":{"line":5,"column":17}},"loc":{"start":{"line":6,"column":4},"end":{"line":8,"column":21}},"line":6}},"branchMap":{},"s":{"0":0,"1":0},"f":{"0":0},"b":{}}
,"C:\\Users\\phill\\React\\crwn-clothing\\client\\src\\components\\spinner\\spinner.styles.jsx": {"path":"C:\\Users\\phill\\React\\crwn-clothing\\client\\src\\components\\spinner\\spinner.styles.jsx","statementMap":{"0":{"start":{"line":3,"column":30},"end":{"line":9,"column":1}},"1":{"start":{"line":11,"column":32},"end":{"line":30,"column":1}}},"fnMap":{},"branchMap":{},"s":{"0":0,"1":0},"f":{},"b":{}}
,"C:\\Users\\phill\\React\\crwn-clothing\\client\\src\\components\\stripe-button\\stripe-button.component.jsx": {"path":"C:\\Users\\phill\\React\\crwn-clothing\\client\\src\\components\\stripe-button\\stripe-button.component.jsx","statementMap":{"0":{"start":{"line":5,"column":29},"end":{"line":44,"column":1}},"1":{"start":{"line":6,"column":25},"end":{"line":6,"column":36}},"2":{"start":{"line":8,"column":4},"end":{"line":8,"column":113}},"3":{"start":{"line":10,"column":18},"end":{"line":28,"column":3}},"4":{"start":{"line":11,"column":4},"end":{"line":27,"column":9}},"5":{"start":{"line":20,"column":8},"end":{"line":20,"column":36}},"6":{"start":{"line":23,"column":8},"end":{"line":23,"column":58}},"7":{"start":{"line":24,"column":8},"end":{"line":26,"column":10}},"8":{"start":{"line":30,"column":2},"end":{"line":43,"column":4}}},"fnMap":{"0":{"name":"(anonymous_0)","decl":{"start":{"line":5,"column":29},"end":{"line":5,"column":30}},"loc":{"start":{"line":5,"column":44},"end":{"line":44,"column":1}},"line":5},"1":{"name":"(anonymous_1)","decl":{"start":{"line":10,"column":18},"end":{"line":10,"column":19}},"loc":{"start":{"line":10,"column":29},"end":{"line":28,"column":3}},"line":10},"2":{"name":"(anonymous_2)","decl":{"start":{"line":19,"column":12},"end":{"line":19,"column":13}},"loc":{"start":{"line":19,"column":26},"end":{"line":21,"column":7}},"line":19},"3":{"name":"(anonymous_3)","decl":{"start":{"line":22,"column":13},"end":{"line":22,"column":14}},"loc":{"start":{"line":22,"column":24},"end":{"line":27,"column":7}},"line":22}},"branchMap":{},"s":{"0":0,"1":0,"2":0,"3":0,"4":0,"5":0,"6":0,"7":0,"8":0},"f":{"0":0,"1":0,"2":0,"3":0},"b":{}}
,"C:\\Users\\phill\\React\\crwn-clothing\\client\\src\\components\\with-spinner\\with-spinner.component.jsx": {"path":"C:\\Users\\phill\\React\\crwn-clothing\\client\\src\\components\\with-spinner\\with-spinner.component.jsx","statementMap":{"0":{"start":{"line":5,"column":20},"end":{"line":10,"column":4}},"1":{"start":{"line":6,"column":2},"end":{"line":10,"column":3}},"2":{"start":{"line":6,"column":37},"end":{"line":9,"column":40}}},"fnMap":{"0":{"name":"(anonymous_0)","decl":{"start":{"line":5,"column":20},"end":{"line":5,"column":21}},"loc":{"start":{"line":6,"column":2},"end":{"line":10,"column":3}},"line":6},"1":{"name":"(anonymous_1)","decl":{"start":{"line":6,"column":2},"end":{"line":6,"column":3}},"loc":{"start":{"line":6,"column":37},"end":{"line":9,"column":40}},"line":6}},"branchMap":{"0":{"loc":{"start":{"line":6,"column":37},"end":{"line":9,"column":40}},"type":"cond-expr","locations":[{"start":{"line":7,"column":4},"end":{"line":7,"column":15}},{"start":{"line":9,"column":4},"end":{"line":9,"column":40}}],"line":6}},"s":{"0":0,"1":0,"2":0},"f":{"0":0,"1":0},"b":{"0":[0,0]}}
,"C:\\Users\\phill\\React\\crwn-clothing\\client\\src\\data\\sections.data.js": {"path":"C:\\Users\\phill\\React\\crwn-clothing\\client\\src\\data\\sections.data.js","statementMap":{"0":{"start":{"line":3,"column":22},"end":{"line":43,"column":1}}},"fnMap":{},"branchMap":{},"s":{"0":0},"f":{},"b":{}}
,"C:\\Users\\phill\\React\\crwn-clothing\\client\\src\\firebase\\firebase.utils.js": {"path":"C:\\Users\\phill\\React\\crwn-clothing\\client\\src\\firebase\\firebase.utils.js","statementMap":{"0":{"start":{"line":6,"column":15},"end":{"line":14,"column":1}},"1":{"start":{"line":16,"column":41},"end":{"line":41,"column":1}},"2":{"start":{"line":17,"column":2},"end":{"line":17,"column":24}},"3":{"start":{"line":17,"column":17},"end":{"line":17,"column":24}},"4":{"start":{"line":19,"column":18},"end":{"line":19,"column":56}},"5":{"start":{"line":21,"column":19},"end":{"line":21,"column":38}},"6":{"start":{"line":23,"column":2},"end":{"line":38,"column":3}},"7":{"start":{"line":24,"column":35},"end":{"line":24,"column":43}},"8":{"start":{"line":26,"column":22},"end":{"line":26,"column":32}},"9":{"start":{"line":28,"column":4},"end":{"line":37,"column":5}},"10":{"start":{"line":29,"column":6},"end":{"line":34,"column":8}},"11":{"start":{"line":36,"column":6},"end":{"line":36,"column":56}},"12":{"start":{"line":40,"column":2},"end":{"line":40,"column":17}},"13":{"start":{"line":43,"column":33},"end":{"line":54,"column":1}},"14":{"start":{"line":44,"column":19},"end":{"line":44,"column":78}},"15":{"start":{"line":45,"column":19},"end":{"line":45,"column":39}},"16":{"start":{"line":47,"column":2},"end":{"line":53,"column":3}},"17":{"start":{"line":48,"column":24},"end":{"line":48,"column":59}},"18":{"start":{"line":49,"column":4},"end":{"line":49,"column":53}},"19":{"start":{"line":50,"column":4},"end":{"line":50,"column":23}},"20":{"start":{"line":52,"column":4},"end":{"line":52,"column":32}},"21":{"start":{"line":56,"column":41},"end":{"line":67,"column":1}},"22":{"start":{"line":57,"column":24},"end":{"line":57,"column":59}},"23":{"start":{"line":59,"column":16},"end":{"line":59,"column":33}},"24":{"start":{"line":61,"column":2},"end":{"line":64,"column":5}},"25":{"start":{"line":62,"column":22},"end":{"line":62,"column":41}},"26":{"start":{"line":63,"column":4},"end":{"line":63,"column":30}},"27":{"start":{"line":66,"column":2},"end":{"line":66,"column":29}},"28":{"start":{"line":69,"column":47},"end":{"line":85,"column":1}},"29":{"start":{"line":70,"column":32},"end":{"line":79,"column":4}},"30":{"start":{"line":71,"column":29},"end":{"line":71,"column":39}},"31":{"start":{"line":73,"column":4},"end":{"line":78,"column":6}},"32":{"start":{"line":81,"column":2},"end":{"line":84,"column":9}},"33":{"start":{"line":82,"column":4},"end":{"line":82,"column":61}},"34":{"start":{"line":83,"column":4},"end":{"line":83,"column":23}},"35":{"start":{"line":87,"column":0},"end":{"line":87,"column":31}},"36":{"start":{"line":89,"column":30},"end":{"line":96,"column":1}},"37":{"start":{"line":90,"column":2},"end":{"line":95,"column":5}},"38":{"start":{"line":91,"column":24},"end":{"line":94,"column":14}},"39":{"start":{"line":92,"column":6},"end":{"line":92,"column":20}},"40":{"start":{"line":93,"column":6},"end":{"line":93,"column":24}},"41":{"start":{"line":98,"column":20},"end":{"line":98,"column":35}},"42":{"start":{"line":99,"column":25},"end":{"line":99,"column":45}},"43":{"start":{"line":101,"column":30},"end":{"line":101,"column":68}},"44":{"start":{"line":102,"column":0},"end":{"line":102,"column":65}},"45":{"start":{"line":103,"column":32},"end":{"line":103,"column":74}},"46":{"start":{"line":103,"column":38},"end":{"line":103,"column":74}}},"fnMap":{"0":{"name":"(anonymous_0)","decl":{"start":{"line":16,"column":41},"end":{"line":16,"column":42}},"loc":{"start":{"line":16,"column":77},"end":{"line":41,"column":1}},"line":16},"1":{"name":"(anonymous_1)","decl":{"start":{"line":43,"column":33},"end":{"line":43,"column":34}},"loc":{"start":{"line":43,"column":49},"end":{"line":54,"column":1}},"line":43},"2":{"name":"(anonymous_2)","decl":{"start":{"line":56,"column":41},"end":{"line":56,"column":42}},"loc":{"start":{"line":56,"column":80},"end":{"line":67,"column":1}},"line":56},"3":{"name":"(anonymous_3)","decl":{"start":{"line":61,"column":23},"end":{"line":61,"column":24}},"loc":{"start":{"line":61,"column":30},"end":{"line":64,"column":3}},"line":61},"4":{"name":"(anonymous_4)","decl":{"start":{"line":69,"column":47},"end":{"line":69,"column":48}},"loc":{"start":{"line":69,"column":64},"end":{"line":85,"column":1}},"line":69},"5":{"name":"(anonymous_5)","decl":{"start":{"line":70,"column":53},"end":{"line":70,"column":54}},"loc":{"start":{"line":70,"column":60},"end":{"line":79,"column":3}},"line":70},"6":{"name":"(anonymous_6)","decl":{"start":{"line":81,"column":38},"end":{"line":81,"column":39}},"loc":{"start":{"line":81,"column":67},"end":{"line":84,"column":3}},"line":81},"7":{"name":"(anonymous_7)","decl":{"start":{"line":89,"column":30},"end":{"line":89,"column":31}},"loc":{"start":{"line":89,"column":36},"end":{"line":96,"column":1}},"line":89},"8":{"name":"(anonymous_8)","decl":{"start":{"line":90,"column":21},"end":{"line":90,"column":22}},"loc":{"start":{"line":90,"column":42},"end":{"line":95,"column":3}},"line":90},"9":{"name":"(anonymous_9)","decl":{"start":{"line":91,"column":48},"end":{"line":91,"column":49}},"loc":{"start":{"line":91,"column":62},"end":{"line":94,"column":5}},"line":91},"10":{"name":"(anonymous_10)","decl":{"start":{"line":103,"column":32},"end":{"line":103,"column":33}},"loc":{"start":{"line":103,"column":38},"end":{"line":103,"column":74}},"line":103}},"branchMap":{"0":{"loc":{"start":{"line":17,"column":2},"end":{"line":17,"column":24}},"type":"if","locations":[{"start":{"line":17,"column":2},"end":{"line":17,"column":24}},{"start":{"line":17,"column":2},"end":{"line":17,"column":24}}],"line":17},"1":{"loc":{"start":{"line":23,"column":2},"end":{"line":38,"column":3}},"type":"if","locations":[{"start":{"line":23,"column":2},"end":{"line":38,"column":3}},{"start":{"line":23,"column":2},"end":{"line":38,"column":3}}],"line":23},"2":{"loc":{"start":{"line":47,"column":2},"end":{"line":53,"column":3}},"type":"if","locations":[{"start":{"line":47,"column":2},"end":{"line":53,"column":3}},{"start":{"line":47,"column":2},"end":{"line":53,"column":3}}],"line":47}},"s":{"0":0,"1":0,"2":0,"3":0,"4":0,"5":0,"6":0,"7":0,"8":0,"9":0,"10":0,"11":0,"12":0,"13":0,"14":0,"15":0,"16":0,"17":0,"18":0,"19":0,"20":0,"21":0,"22":0,"23":0,"24":0,"25":0,"26":0,"27":0,"28":0,"29":0,"30":0,"31":0,"32":0,"33":0,"34":0,"35":0,"36":0,"37":0,"38":0,"39":0,"40":0,"41":0,"42":0,"43":0,"44":0,"45":0,"46":0},"f":{"0":0,"1":0,"2":0,"3":0,"4":0,"5":0,"6":0,"7":0,"8":0,"9":0,"10":0},"b":{"0":[0,0],"1":[0,0],"2":[0,0]}}
,"C:\\Users\\phill\\React\\crwn-clothing\\client\\src\\pages\\checkout\\checkout.component.jsx": {"path":"C:\\Users\\phill\\React\\crwn-clothing\\client\\src\\pages\\checkout\\checkout.component.jsx","statementMap":{"0":{"start":{"line":21,"column":21},"end":{"line":61,"column":1}},"1":{"start":{"line":22,"column":20},"end":{"line":22,"column":48}},"2":{"start":{"line":23,"column":16},"end":{"line":23,"column":44}},"3":{"start":{"line":25,"column":2},"end":{"line":60,"column":4}},"4":{"start":{"line":45,"column":8},"end":{"line":45,"column":62}}},"fnMap":{"0":{"name":"(anonymous_0)","decl":{"start":{"line":21,"column":21},"end":{"line":21,"column":22}},"loc":{"start":{"line":21,"column":27},"end":{"line":61,"column":1}},"line":21},"1":{"name":"(anonymous_1)","decl":{"start":{"line":44,"column":21},"end":{"line":44,"column":22}},"loc":{"start":{"line":45,"column":8},"end":{"line":45,"column":62}},"line":45}},"branchMap":{},"s":{"0":0,"1":0,"2":0,"3":0,"4":0},"f":{"0":0,"1":0},"b":{}}
,"C:\\Users\\phill\\React\\crwn-clothing\\client\\src\\pages\\checkout\\checkout.styles.jsx": {"path":"C:\\Users\\phill\\React\\crwn-clothing\\client\\src\\pages\\checkout\\checkout.styles.jsx","statementMap":{"0":{"start":{"line":3,"column":37},"end":{"line":14,"column":1}},"1":{"start":{"line":16,"column":30},"end":{"line":22,"column":1}},"2":{"start":{"line":24,"column":27},"end":{"line":31,"column":1}},"3":{"start":{"line":33,"column":27},"end":{"line":37,"column":1}},"4":{"start":{"line":39,"column":28},"end":{"line":42,"column":1}},"5":{"start":{"line":44,"column":36},"end":{"line":53,"column":1}}},"fnMap":{},"branchMap":{},"s":{"0":0,"1":0,"2":0,"3":0,"4":0,"5":0},"f":{},"b":{}}
,"C:\\Users\\phill\\React\\crwn-clothing\\client\\src\\pages\\collection\\collection.component.jsx": {"path":"C:\\Users\\phill\\React\\crwn-clothing\\client\\src\\pages\\collection\\collection.component.jsx","statementMap":{"0":{"start":{"line":15,"column":23},"end":{"line":31,"column":1}},"1":{"start":{"line":16,"column":27},"end":{"line":16,"column":38}},"2":{"start":{"line":18,"column":21},"end":{"line":18,"column":64}},"3":{"start":{"line":19,"column":27},"end":{"line":19,"column":37}},"4":{"start":{"line":21,"column":2},"end":{"line":30,"column":4}},"5":{"start":{"line":26,"column":10},"end":{"line":26,"column":54}}},"fnMap":{"0":{"name":"(anonymous_0)","decl":{"start":{"line":15,"column":23},"end":{"line":15,"column":24}},"loc":{"start":{"line":15,"column":29},"end":{"line":31,"column":1}},"line":15},"1":{"name":"(anonymous_1)","decl":{"start":{"line":25,"column":19},"end":{"line":25,"column":20}},"loc":{"start":{"line":26,"column":10},"end":{"line":26,"column":54}},"line":26}},"branchMap":{},"s":{"0":0,"1":0,"2":0,"3":0,"4":0,"5":0},"f":{"0":0,"1":0},"b":{}}
,"C:\\Users\\phill\\React\\crwn-clothing\\client\\src\\pages\\collection\\collection.container.jsx": {"path":"C:\\Users\\phill\\React\\crwn-clothing\\client\\src\\pages\\collection\\collection.container.jsx","statementMap":{"0":{"start":{"line":9,"column":24},"end":{"line":11,"column":2}},"1":{"start":{"line":10,"column":26},"end":{"line":10,"column":58}},"2":{"start":{"line":13,"column":32},"end":{"line":16,"column":17}}},"fnMap":{"0":{"name":"(anonymous_0)","decl":{"start":{"line":10,"column":15},"end":{"line":10,"column":16}},"loc":{"start":{"line":10,"column":26},"end":{"line":10,"column":58}},"line":10}},"branchMap":{},"s":{"0":0,"1":0,"2":0},"f":{"0":0},"b":{}}
,"C:\\Users\\phill\\React\\crwn-clothing\\client\\src\\pages\\collection\\collection.styles.jsx": {"path":"C:\\Users\\phill\\React\\crwn-clothing\\client\\src\\pages\\collection\\collection.styles.jsx","statementMap":{"0":{"start":{"line":3,"column":39},"end":{"line":7,"column":1}},"1":{"start":{"line":9,"column":35},"end":{"line":12,"column":1}},"2":{"start":{"line":14,"column":30},"end":{"line":31,"column":1}}},"fnMap":{},"branchMap":{},"s":{"0":0,"1":0,"2":0},"f":{},"b":{}}
,"C:\\Users\\phill\\React\\crwn-clothing\\client\\src\\pages\\homepage\\homepage.component.jsx": {"path":"C:\\Users\\phill\\React\\crwn-clothing\\client\\src\\pages\\homepage\\homepage.component.jsx","statementMap":{"0":{"start":{"line":6,"column":17},"end":{"line":10,"column":1}},"1":{"start":{"line":7,"column":2},"end":{"line":9,"column":22}}},"fnMap":{"0":{"name":"(anonymous_0)","decl":{"start":{"line":6,"column":17},"end":{"line":6,"column":18}},"loc":{"start":{"line":7,"column":2},"end":{"line":9,"column":22}},"line":7}},"branchMap":{},"s":{"0":0,"1":0},"f":{"0":0},"b":{}}
,"C:\\Users\\phill\\React\\crwn-clothing\\client\\src\\pages\\homepage\\homepage.styles.jsx": {"path":"C:\\Users\\phill\\React\\crwn-clothing\\client\\src\\pages\\homepage\\homepage.styles.jsx","statementMap":{"0":{"start":{"line":3,"column":33},"end":{"line":7,"column":1}}},"fnMap":{},"branchMap":{},"s":{"0":0},"f":{},"b":{}}
,"C:\\Users\\phill\\React\\crwn-clothing\\client\\src\\pages\\shop\\shop.component.jsx": {"path":"C:\\Users\\phill\\React\\crwn-clothing\\client\\src\\pages\\shop\\shop.component.jsx","statementMap":{"0":{"start":{"line":9,"column":37},"end":{"line":9,"column":127}},"1":{"start":{"line":9,"column":48},"end":{"line":9,"column":126}},"2":{"start":{"line":10,"column":32},"end":{"line":10,"column":88}},"3":{"start":{"line":10,"column":43},"end":{"line":10,"column":87}},"4":{"start":{"line":12,"column":17},"end":{"line":34,"column":1}},"5":{"start":{"line":13,"column":19},"end":{"line":13,"column":32}},"6":{"start":{"line":15,"column":2},"end":{"line":17,"column":17}},"7":{"start":{"line":16,"column":4},"end":{"line":16,"column":38}},"8":{"start":{"line":19,"column":2},"end":{"line":33,"column":4}}},"fnMap":{"0":{"name":"(anonymous_0)","decl":{"start":{"line":9,"column":42},"end":{"line":9,"column":43}},"loc":{"start":{"line":9,"column":48},"end":{"line":9,"column":126}},"line":9},"1":{"name":"(anonymous_1)","decl":{"start":{"line":10,"column":37},"end":{"line":10,"column":38}},"loc":{"start":{"line":10,"column":43},"end":{"line":10,"column":87}},"line":10},"2":{"name":"(anonymous_2)","decl":{"start":{"line":12,"column":17},"end":{"line":12,"column":18}},"loc":{"start":{"line":12,"column":32},"end":{"line":34,"column":1}},"line":12},"3":{"name":"(anonymous_3)","decl":{"start":{"line":15,"column":12},"end":{"line":15,"column":13}},"loc":{"start":{"line":15,"column":18},"end":{"line":17,"column":3}},"line":15}},"branchMap":{},"s":{"0":0,"1":0,"2":0,"3":0,"4":0,"5":0,"6":0,"7":0,"8":0},"f":{"0":0,"1":0,"2":0,"3":0},"b":{}}
,"C:\\Users\\phill\\React\\crwn-clothing\\client\\src\\pages\\sign-in-and-sign-up\\sign-in-and-sign-up.component.jsx": {"path":"C:\\Users\\phill\\React\\crwn-clothing\\client\\src\\pages\\sign-in-and-sign-up\\sign-in-and-sign-up.component.jsx","statementMap":{"0":{"start":{"line":8,"column":24},"end":{"line":13,"column":1}},"1":{"start":{"line":9,"column":4},"end":{"line":12,"column":31}}},"fnMap":{"0":{"name":"(anonymous_0)","decl":{"start":{"line":8,"column":24},"end":{"line":8,"column":25}},"loc":{"start":{"line":9,"column":4},"end":{"line":12,"column":31}},"line":9}},"branchMap":{},"s":{"0":0,"1":0},"f":{"0":0},"b":{}}
,"C:\\Users\\phill\\React\\crwn-clothing\\client\\src\\pages\\sign-in-and-sign-up\\sign-in-and-sign-up.styles.jsx": {"path":"C:\\Users\\phill\\React\\crwn-clothing\\client\\src\\pages\\sign-in-and-sign-up\\sign-in-and-sign-up.styles.jsx","statementMap":{"0":{"start":{"line":3,"column":40},"end":{"line":13,"column":1}}},"fnMap":{},"branchMap":{},"s":{"0":0},"f":{},"b":{}}
,"C:\\Users\\phill\\React\\crwn-clothing\\client\\src\\redux\\root-reducer.js": {"path":"C:\\Users\\phill\\React\\crwn-clothing\\client\\src\\redux\\root-reducer.js","statementMap":{"0":{"start":{"line":10,"column":22},"end":{"line":14,"column":1}},"1":{"start":{"line":16,"column":20},"end":{"line":21,"column":2}}},"fnMap":{},"branchMap":{},"s":{"0":0,"1":0},"f":{},"b":{}}
,"C:\\Users\\phill\\React\\crwn-clothing\\client\\src\\redux\\root.sagas.jsx": {"path":"C:\\Users\\phill\\React\\crwn-clothing\\client\\src\\redux\\root.sagas.jsx","statementMap":{"0":{"start":{"line":8,"column":2},"end":{"line":8,"column":65}}},"fnMap":{"0":{"name":"rootSaga","decl":{"start":{"line":7,"column":25},"end":{"line":7,"column":33}},"loc":{"start":{"line":7,"column":36},"end":{"line":9,"column":1}},"line":7}},"branchMap":{},"s":{"0":0},"f":{"0":0},"b":{}}
,"C:\\Users\\phill\\React\\crwn-clothing\\client\\src\\redux\\store.js": {"path":"C:\\Users\\phill\\React\\crwn-clothing\\client\\src\\redux\\store.js","statementMap":{"0":{"start":{"line":9,"column":23},"end":{"line":9,"column":45}},"1":{"start":{"line":11,"column":20},"end":{"line":11,"column":36}},"2":{"start":{"line":13,"column":0},"end":{"line":15,"column":1}},"3":{"start":{"line":14,"column":2},"end":{"line":14,"column":27}},"4":{"start":{"line":17,"column":21},"end":{"line":17,"column":78}},"5":{"start":{"line":19,"column":0},"end":{"line":19,"column":29}},"6":{"start":{"line":21,"column":25},"end":{"line":21,"column":44}}},"fnMap":{},"branchMap":{"0":{"loc":{"start":{"line":13,"column":0},"end":{"line":15,"column":1}},"type":"if","locations":[{"start":{"line":13,"column":0},"end":{"line":15,"column":1}},{"start":{"line":13,"column":0},"end":{"line":15,"column":1}}],"line":13}},"s":{"0":0,"1":0,"2":0,"3":0,"4":0,"5":0,"6":0},"f":{},"b":{"0":[0,0]}}
,"C:\\Users\\phill\\React\\crwn-clothing\\client\\src\\redux\\cart\\cart.actions.js": {"path":"C:\\Users\\phill\\React\\crwn-clothing\\client\\src\\redux\\cart\\cart.actions.js","statementMap":{"0":{"start":{"line":3,"column":32},"end":{"line":5,"column":2}},"1":{"start":{"line":3,"column":39},"end":{"line":5,"column":1}},"2":{"start":{"line":8,"column":23},"end":{"line":11,"column":2}},"3":{"start":{"line":8,"column":32},"end":{"line":11,"column":1}},"4":{"start":{"line":13,"column":33},"end":{"line":16,"column":2}},"5":{"start":{"line":13,"column":42},"end":{"line":16,"column":1}},"6":{"start":{"line":18,"column":26},"end":{"line":21,"column":2}},"7":{"start":{"line":18,"column":35},"end":{"line":21,"column":1}},"8":{"start":{"line":23,"column":25},"end":{"line":25,"column":2}},"9":{"start":{"line":23,"column":32},"end":{"line":25,"column":1}},"10":{"start":{"line":27,"column":40},"end":{"line":30,"column":2}},"11":{"start":{"line":27,"column":54},"end":{"line":30,"column":1}}},"fnMap":{"0":{"name":"(anonymous_0)","decl":{"start":{"line":3,"column":32},"end":{"line":3,"column":33}},"loc":{"start":{"line":3,"column":39},"end":{"line":5,"column":1}},"line":3},"1":{"name":"(anonymous_1)","decl":{"start":{"line":8,"column":23},"end":{"line":8,"column":24}},"loc":{"start":{"line":8,"column":32},"end":{"line":11,"column":1}},"line":8},"2":{"name":"(anonymous_2)","decl":{"start":{"line":13,"column":33},"end":{"line":13,"column":34}},"loc":{"start":{"line":13,"column":42},"end":{"line":16,"column":1}},"line":13},"3":{"name":"(anonymous_3)","decl":{"start":{"line":18,"column":26},"end":{"line":18,"column":27}},"loc":{"start":{"line":18,"column":35},"end":{"line":21,"column":1}},"line":18},"4":{"name":"(anonymous_4)","decl":{"start":{"line":23,"column":25},"end":{"line":23,"column":26}},"loc":{"start":{"line":23,"column":32},"end":{"line":25,"column":1}},"line":23},"5":{"name":"(anonymous_5)","decl":{"start":{"line":27,"column":40},"end":{"line":27,"column":41}},"loc":{"start":{"line":27,"column":54},"end":{"line":30,"column":1}},"line":27}},"branchMap":{},"s":{"0":5,"1":4,"2":5,"3":4,"4":5,"5":2,"6":5,"7":2,"8":5,"9":0,"10":5,"11":0},"f":{"0":4,"1":4,"2":2,"3":2,"4":0,"5":0},"b":{},"_coverageSchema":"1a1c01bbd47fc00a2c39e90264f33305004495a9","hash":"cc2f16aacbdef61b7d983babe4cc9a2287cdd052"}
,"C:\\Users\\phill\\React\\crwn-clothing\\client\\src\\redux\\cart\\cart.reducer.js": {"path":"C:\\Users\\phill\\React\\crwn-clothing\\client\\src\\redux\\cart\\cart.reducer.js","statementMap":{"0":{"start":{"line":4,"column":22},"end":{"line":7,"column":1}},"1":{"start":{"line":9,"column":20},"end":{"line":46,"column":1}},"2":{"start":{"line":10,"column":2},"end":{"line":45,"column":3}},"3":{"start":{"line":12,"column":6},"end":{"line":15,"column":8}},"4":{"start":{"line":17,"column":6},"end":{"line":20,"column":8}},"5":{"start":{"line":22,"column":6},"end":{"line":27,"column":8}},"6":{"start":{"line":25,"column":24},"end":{"line":25,"column":57}},"7":{"start":{"line":29,"column":6},"end":{"line":32,"column":8}},"8":{"start":{"line":34,"column":6},"end":{"line":37,"column":8}},"9":{"start":{"line":39,"column":6},"end":{"line":42,"column":7}},"10":{"start":{"line":44,"column":6},"end":{"line":44,"column":19}}},"fnMap":{"0":{"name":"(anonymous_0)","decl":{"start":{"line":9,"column":20},"end":{"line":9,"column":21}},"loc":{"start":{"line":9,"column":55},"end":{"line":46,"column":1}},"line":9},"1":{"name":"(anonymous_1)","decl":{"start":{"line":25,"column":10},"end":{"line":25,"column":11}},"loc":{"start":{"line":25,"column":24},"end":{"line":25,"column":57}},"line":25}},"branchMap":{"0":{"loc":{"start":{"line":9,"column":21},"end":{"line":9,"column":42}},"type":"default-arg","locations":[{"start":{"line":9,"column":29},"end":{"line":9,"column":42}}],"line":9},"1":{"loc":{"start":{"line":10,"column":2},"end":{"line":45,"column":3}},"type":"switch","locations":[{"start":{"line":11,"column":4},"end":{"line":15,"column":8}},{"start":{"line":16,"column":4},"end":{"line":20,"column":8}},{"start":{"line":21,"column":4},"end":{"line":27,"column":8}},{"start":{"line":28,"column":4},"end":{"line":32,"column":8}},{"start":{"line":33,"column":4},"end":{"line":37,"column":8}},{"start":{"line":38,"column":4},"end":{"line":42,"column":7}},{"start":{"line":43,"column":4},"end":{"line":44,"column":19}}],"line":10}},"s":{"0":0,"1":0,"2":0,"3":0,"4":0,"5":0,"6":0,"7":0,"8":0,"9":0,"10":0},"f":{"0":0,"1":0},"b":{"0":[0],"1":[0,0,0,0,0,0,0]}}
,"C:\\Users\\phill\\React\\crwn-clothing\\client\\src\\redux\\cart\\cart.sagas.js": {"path":"C:\\Users\\phill\\React\\crwn-clothing\\client\\src\\redux\\cart\\cart.sagas.js","statementMap":{"0":{"start":{"line":11,"column":2},"end":{"line":11,"column":25}},"1":{"start":{"line":15,"column":22},"end":{"line":15,"column":53}},"2":{"start":{"line":17,"column":2},"end":{"line":25,"column":3}},"3":{"start":{"line":18,"column":4},"end":{"line":24,"column":5}},"4":{"start":{"line":19,"column":23},"end":{"line":19,"column":62}},"5":{"start":{"line":20,"column":24},"end":{"line":20,"column":53}},"6":{"start":{"line":21,"column":6},"end":{"line":21,"column":43}},"7":{"start":{"line":23,"column":6},"end":{"line":23,"column":25}},"8":{"start":{"line":29,"column":19},"end":{"line":29,"column":51}},"9":{"start":{"line":30,"column":19},"end":{"line":30,"column":39}},"10":{"start":{"line":31,"column":2},"end":{"line":31,"column":65}},"11":{"start":{"line":35,"column":2},"end":{"line":35,"column":73}},"12":{"start":{"line":39,"column":2},"end":{"line":39,"column":78}},"13":{"start":{"line":43,"column":2},"end":{"line":49,"column":4}},"14":{"start":{"line":53,"column":2},"end":{"line":53,"column":81}}},"fnMap":{"0":{"name":"clearCartOnSignOut","decl":{"start":{"line":10,"column":17},"end":{"line":10,"column":35}},"loc":{"start":{"line":10,"column":38},"end":{"line":12,"column":1}},"line":10},"1":{"name":"updateCartInFirestore","decl":{"start":{"line":14,"column":17},"end":{"line":14,"column":38}},"loc":{"start":{"line":14,"column":41},"end":{"line":26,"column":1}},"line":14},"2":{"name":"getCartItemsFromFirebase","decl":{"start":{"line":28,"column":17},"end":{"line":28,"column":41}},"loc":{"start":{"line":28,"column":61},"end":{"line":32,"column":1}},"line":28},"3":{"name":"onSignOutSuccess","decl":{"start":{"line":34,"column":17},"end":{"line":34,"column":33}},"loc":{"start":{"line":34,"column":36},"end":{"line":36,"column":1}},"line":34},"4":{"name":"onSignInSuccess","decl":{"start":{"line":38,"column":17},"end":{"line":38,"column":32}},"loc":{"start":{"line":38,"column":35},"end":{"line":40,"column":1}},"line":38},"5":{"name":"onCartChange","decl":{"start":{"line":42,"column":17},"end":{"line":42,"column":29}},"loc":{"start":{"line":42,"column":32},"end":{"line":50,"column":1}},"line":42},"6":{"name":"cartSagas","decl":{"start":{"line":52,"column":17},"end":{"line":52,"column":26}},"loc":{"start":{"line":52,"column":29},"end":{"line":54,"column":1}},"line":52}},"branchMap":{"0":{"loc":{"start":{"line":17,"column":2},"end":{"line":25,"column":3}},"type":"if","locations":[{"start":{"line":17,"column":2},"end":{"line":25,"column":3}},{"start":{"line":17,"column":2},"end":{"line":25,"column":3}}],"line":17}},"s":{"0":0,"1":0,"2":0,"3":0,"4":0,"5":0,"6":0,"7":0,"8":0,"9":0,"10":0,"11":0,"12":0,"13":0,"14":0},"f":{"0":0,"1":0,"2":0,"3":0,"4":0,"5":0,"6":0},"b":{"0":[0,0]}}
[...]
,"C:\\Users\\phill\\React\\crwn-clothing\\client\\src\\redux\\shop\\shop.reducer.js": {"path":"C:\\Users\\phill\\React\\crwn-clothing\\client\\src\\redux\\shop\\shop.reducer.js","statementMap":{"0":{"start":{"line":3,"column":22},"end":{"line":7,"column":1}},"1":{"start":{"line":9,"column":20},"end":{"line":31,"column":1}},"2":{"start":{"line":10,"column":2},"end":{"line":30,"column":3}},"3":{"start":{"line":12,"column":6},"end":{"line":15,"column":7}},"4":{"start":{"line":17,"column":6},"end":{"line":21,"column":7}},"5":{"start":{"line":23,"column":6},"end":{"line":27,"column":7}},"6":{"start":{"line":29,"column":6},"end":{"line":29,"column":19}}},"fnMap":{"0":{"name":"(anonymous_0)","decl":{"start":{"line":9,"column":20},"end":{"line":9,"column":21}},"loc":{"start":{"line":9,"column":55},"end":{"line":31,"column":1}},"line":9}},"branchMap":{"0":{"loc":{"start":{"line":9,"column":21},"end":{"line":9,"column":42}},"type":"default-arg","locations":[{"start":{"line":9,"column":29},"end":{"line":9,"column":42}}],"line":9},"1":{"loc":{"start":{"line":10,"column":2},"end":{"line":30,"column":3}},"type":"switch","locations":[{"start":{"line":11,"column":4},"end":{"line":15,"column":7}},{"start":{"line":16,"column":4},"end":{"line":21,"column":7}},{"start":{"line":22,"column":4},"end":{"line":27,"column":7}},{"start":{"line":28,"column":4},"end":{"line":29,"column":19}}],"line":10}},"s":{"0":0,"1":0,"2":0,"3":0,"4":0,"5":0,"6":0},"f":{"0":0},"b":{"0":[0],"1":[0,0,0,0]}}
,"C:\\Users\\phill\\React\\crwn-clothing\\client\\src\\redux\\shop\\shop.sagas.jsx": {"path":"C:\\Users\\phill\\React\\crwn-clothing\\client\\src\\redux\\shop\\shop.sagas.jsx","statementMap":{"0":{"start":{"line":16,"column":2},"end":{"line":26,"column":3}},"1":{"start":{"line":17,"column":26},"end":{"line":17,"column":61}},"2":{"start":{"line":18,"column":21},"end":{"line":18,"column":46}},"3":{"start":{"line":19,"column":27},"end":{"line":22,"column":5}},"4":{"start":{"line":23,"column":4},"end":{"line":23,"column":55}},"5":{"start":{"line":25,"column":4},"end":{"line":25,"column":54}},"6":{"start":{"line":30,"column":2},"end":{"line":33,"column":4}},"7":{"start":{"line":37,"column":2},"end":{"line":37,"column":43}}},"fnMap":{"0":{"name":"fetchCollectionsAsync","decl":{"start":{"line":15,"column":17},"end":{"line":15,"column":38}},"loc":{"start":{"line":15,"column":41},"end":{"line":27,"column":1}},"line":15},"1":{"name":"fetchCollectionsStart","decl":{"start":{"line":29,"column":17},"end":{"line":29,"column":38}},"loc":{"start":{"line":29,"column":41},"end":{"line":34,"column":1}},"line":29},"2":{"name":"shopSagas","decl":{"start":{"line":36,"column":17},"end":{"line":36,"column":26}},"loc":{"start":{"line":36,"column":29},"end":{"line":38,"column":1}},"line":36}},"branchMap":{},"s":{"0":0,"1":0,"2":0,"3":0,"4":0,"5":0,"6":0,"7":0},"f":{"0":0,"1":0,"2":0},"b":{}}
,"C:\\Users\\phill\\React\\crwn-clothing\\client\\src\\redux\\shop\\shop.selectors.js": {"path":"C:\\Users\\phill\\React\\crwn-clothing\\client\\src\\redux\\shop\\shop.selectors.js","statementMap":{"0":{"start":{"line":4,"column":19},"end":{"line":4,"column":40}},"1":{"start":{"line":4,"column":30},"end":{"line":4,"column":40}},"2":{"start":{"line":6,"column":37},"end":{"line":9,"column":1}},"3":{"start":{"line":8,"column":12},"end":{"line":8,"column":28}},"4":{"start":{"line":11,"column":47},"end":{"line":14,"column":1}},"5":{"start":{"line":13,"column":19},"end":{"line":13,"column":93}},"6":{"start":{"line":13,"column":71},"end":{"line":13,"column":87}},"7":{"start":{"line":16,"column":32},"end":{"line":21,"column":1}},"8":{"start":{"line":17,"column":2},"end":{"line":20,"column":3}},"9":{"start":{"line":19,"column":21},"end":{"line":19,"column":73}},"10":{"start":{"line":23,"column":42},"end":{"line":26,"column":1}},"11":{"start":{"line":25,"column":10},"end":{"line":25,"column":25}},"12":{"start":{"line":28,"column":40},"end":{"line":31,"column":1}},"13":{"start":{"line":30,"column":10},"end":{"line":30,"column":28}}},"fnMap":{"0":{"name":"(anonymous_0)","decl":{"start":{"line":4,"column":19},"end":{"line":4,"column":20}},"loc":{"start":{"line":4,"column":30},"end":{"line":4,"column":40}},"line":4},"1":{"name":"(anonymous_1)","decl":{"start":{"line":8,"column":2},"end":{"line":8,"column":3}},"loc":{"start":{"line":8,"column":12},"end":{"line":8,"column":28}},"line":8},"2":{"name":"(anonymous_2)","decl":{"start":{"line":13,"column":2},"end":{"line":13,"column":3}},"loc":{"start":{"line":13,"column":19},"end":{"line":13,"column":93}},"line":13},"3":{"name":"(anonymous_3)","decl":{"start":{"line":13,"column":62},"end":{"line":13,"column":63}},"loc":{"start":{"line":13,"column":71},"end":{"line":13,"column":87}},"line":13},"4":{"name":"(anonymous_4)","decl":{"start":{"line":16,"column":40},"end":{"line":16,"column":41}},"loc":{"start":{"line":17,"column":2},"end":{"line":20,"column":3}},"line":17},"5":{"name":"(anonymous_5)","decl":{"start":{"line":19,"column":4},"end":{"line":19,"column":5}},"loc":{"start":{"line":19,"column":21},"end":{"line":19,"column":73}},"line":19},"6":{"name":"(anonymous_6)","decl":{"start":{"line":25,"column":2},"end":{"line":25,"column":3}},"loc":{"start":{"line":25,"column":10},"end":{"line":25,"column":25}},"line":25},"7":{"name":"(anonymous_7)","decl":{"start":{"line":30,"column":2},"end":{"line":30,"column":3}},"loc":{"start":{"line":30,"column":10},"end":{"line":30,"column":28}},"line":30}},"branchMap":{"0":{"loc":{"start":{"line":13,"column":19},"end":{"line":13,"column":93}},"type":"cond-expr","locations":[{"start":{"line":13,"column":33},"end":{"line":13,"column":88}},{"start":{"line":13,"column":91},"end":{"line":13,"column":93}}],"line":13},"1":{"loc":{"start":{"line":19,"column":21},"end":{"line":19,"column":73}},"type":"cond-expr","locations":[{"start":{"line":19,"column":35},"end":{"line":19,"column":66}},{"start":{"line":19,"column":69},"end":{"line":19,"column":73}}],"line":19}},"s":{"0":0,"1":0,"2":0,"3":0,"4":0,"5":0,"6":0,"7":0,"8":0,"9":0,"10":0,"11":0,"12":0,"13":0},"f":{"0":0,"1":0,"2":0,"3":0,"4":0,"5":0,"6":0,"7":0},"b":{"0":[0,0],"1":[0,0]}}
,"C:\\Users\\phill\\React\\crwn-clothing\\client\\src\\redux\\shop\\shop.types.js": {"path":"C:\\Users\\phill\\React\\crwn-clothing\\client\\src\\redux\\shop\\shop.types.js","statementMap":{"0":{"start":{"line":1,"column":24},"end":{"line":5,"column":1}}},"fnMap":{},"branchMap":{},"s":{"0":0},"f":{},"b":{}}
,"C:\\Users\\phill\\React\\crwn-clothing\\client\\src\\redux\\user\\user.actions.js": {"path":"C:\\Users\\phill\\React\\crwn-clothing\\client\\src\\redux\\user\\user.actions.js","statementMap":{"0":{"start":{"line":3,"column":33},"end":{"line":5,"column":2}},"1":{"start":{"line":3,"column":40},"end":{"line":5,"column":1}},"2":{"start":{"line":7,"column":32},"end":{"line":10,"column":2}},"3":{"start":{"line":7,"column":55},"end":{"line":10,"column":1}},"4":{"start":{"line":12,"column":29},"end":{"line":15,"column":2}},"5":{"start":{"line":12,"column":40},"end":{"line":15,"column":1}},"6":{"start":{"line":17,"column":29},"end":{"line":20,"column":2}},"7":{"start":{"line":17,"column":41},"end":{"line":20,"column":1}},"8":{"start":{"line":22,"column":32},"end":{"line":24,"column":2}},"9":{"start":{"line":22,"column":39},"end":{"line":24,"column":1}},"10":{"start":{"line":26,"column":28},"end":{"line":28,"column":2}},"11":{"start":{"line":26,"column":35},"end":{"line":28,"column":1}},"12":{"start":{"line":30,"column":30},"end":{"line":32,"column":2}},"13":{"start":{"line":30,"column":37},"end":{"line":32,"column":1}},"14":{"start":{"line":34,"column":30},"end":{"line":37,"column":2}},"15":{"start":{"line":34,"column":42},"end":{"line":37,"column":1}},"16":{"start":{"line":39,"column":27},"end":{"line":42,"column":2}},"17":{"start":{"line":39,"column":42},"end":{"line":42,"column":1}},"18":{"start":{"line":44,"column":29},"end":{"line":47,"column":2}},"19":{"start":{"line":44,"column":60},"end":{"line":47,"column":1}},"20":{"start":{"line":49,"column":29},"end":{"line":52,"column":2}},"21":{"start":{"line":49,"column":41},"end":{"line":52,"column":1}}},"fnMap":{"0":{"name":"(anonymous_0)","decl":{"start":{"line":3,"column":33},"end":{"line":3,"column":34}},"loc":{"start":{"line":3,"column":40},"end":{"line":5,"column":1}},"line":3},"1":{"name":"(anonymous_1)","decl":{"start":{"line":7,"column":32},"end":{"line":7,"column":33}},"loc":{"start":{"line":7,"column":55},"end":{"line":10,"column":1}},"line":7},"2":{"name":"(anonymous_2)","decl":{"start":{"line":12,"column":29},"end":{"line":12,"column":30}},"loc":{"start":{"line":12,"column":40},"end":{"line":15,"column":1}},"line":12},"3":{"name":"(anonymous_3)","decl":{"start":{"line":17,"column":29},"end":{"line":17,"column":30}},"loc":{"start":{"line":17,"column":41},"end":{"line":20,"column":1}},"line":17},"4":{"name":"(anonymous_4)","decl":{"start":{"line":22,"column":32},"end":{"line":22,"column":33}},"loc":{"start":{"line":22,"column":39},"end":{"line":24,"column":1}},"line":22},"5":{"name":"(anonymous_5)","decl":{"start":{"line":26,"column":28},"end":{"line":26,"column":29}},"loc":{"start":{"line":26,"column":35},"end":{"line":28,"column":1}},"line":26},"6":{"name":"(anonymous_6)","decl":{"start":{"line":30,"column":30},"end":{"line":30,"column":31}},"loc":{"start":{"line":30,"column":37},"end":{"line":32,"column":1}},"line":30},"7":{"name":"(anonymous_7)","decl":{"start":{"line":34,"column":30},"end":{"line":34,"column":31}},"loc":{"start":{"line":34,"column":42},"end":{"line":37,"column":1}},"line":34},"8":{"name":"(anonymous_8)","decl":{"start":{"line":39,"column":27},"end":{"line":39,"column":28}},"loc":{"start":{"line":39,"column":42},"end":{"line":42,"column":1}},"line":39},"9":{"name":"(anonymous_9)","decl":{"start":{"line":44,"column":29},"end":{"line":44,"column":30}},"loc":{"start":{"line":44,"column":60},"end":{"line":47,"column":1}},"line":44},"10":{"name":"(anonymous_10)","decl":{"start":{"line":49,"column":29},"end":{"line":49,"column":30}},"loc":{"start":{"line":49,"column":41},"end":{"line":52,"column":1}},"line":49}},"branchMap":{},"s":{"0":0,"1":0,"2":0,"3":0,"4":0,"5":0,"6":0,"7":0,"8":0,"9":0,"10":0,"11":0,"12":0,"13":0,"14":0,"15":0,"16":0,"17":0,"18":0,"19":0,"20":0,"21":0},"f":{"0":0,"1":0,"2":0,"3":0,"4":0,"5":0,"6":0,"7":0,"8":0,"9":0,"10":0},"b":{}}
,"C:\\Users\\phill\\React\\crwn-clothing\\client\\src\\redux\\user\\user.reducer.js": {"path":"C:\\Users\\phill\\React\\crwn-clothing\\client\\src\\redux\\user\\user.reducer.js","statementMap":{"0":{"start":{"line":3,"column":22},"end":{"line":6,"column":1}},"1":{"start":{"line":8,"column":20},"end":{"line":32,"column":1}},"2":{"start":{"line":9,"column":2},"end":{"line":31,"column":3}},"3":{"start":{"line":11,"column":6},"end":{"line":15,"column":8}},"4":{"start":{"line":17,"column":6},"end":{"line":21,"column":8}},"5":{"start":{"line":25,"column":6},"end":{"line":28,"column":8}},"6":{"start":{"line":30,"column":6},"end":{"line":30,"column":19}}},"fnMap":{"0":{"name":"(anonymous_0)","decl":{"start":{"line":8,"column":20},"end":{"line":8,"column":21}},"loc":{"start":{"line":8,"column":55},"end":{"line":32,"column":1}},"line":8}},"branchMap":{"0":{"loc":{"start":{"line":8,"column":21},"end":{"line":8,"column":42}},"type":"default-arg","locations":[{"start":{"line":8,"column":29},"end":{"line":8,"column":42}}],"line":8},"1":{"loc":{"start":{"line":9,"column":2},"end":{"line":31,"column":3}},"type":"switch","locations":[{"start":{"line":10,"column":4},"end":{"line":15,"column":8}},{"start":{"line":16,"column":4},"end":{"line":21,"column":8}},{"start":{"line":22,"column":4},"end":{"line":22,"column":41}},{"start":{"line":23,"column":4},"end":{"line":23,"column":42}},{"start":{"line":24,"column":4},"end":{"line":28,"column":8}},{"start":{"line":29,"column":4},"end":{"line":30,"column":19}}],"line":9}},"s":{"0":0,"1":0,"2":0,"3":0,"4":0,"5":0,"6":0},"f":{"0":0},"b":{"0":[0],"1":[0,0,0,0,0,0]}}
,"C:\\Users\\phill\\React\\crwn-clothing\\client\\src\\redux\\user\\user.sagas.js": {"path":"C:\\Users\\phill\\React\\crwn-clothing\\client\\src\\redux\\user\\user.sagas.js","statementMap":{"0":{"start":{"line":22,"column":2},"end":{"line":32,"column":3}},"1":{"start":{"line":23,"column":20},"end":{"line":27,"column":5}},"2":{"start":{"line":28,"column":25},"end":{"line":28,"column":44}},"3":{"start":{"line":29,"column":4},"end":{"line":29,"column":78}},"4":{"start":{"line":31,"column":4},"end":{"line":31,"column":36}},"5":{"start":{"line":36,"column":2},"end":{"line":41,"column":3}},"6":{"start":{"line":37,"column":21},"end":{"line":37,"column":63}},"7":{"start":{"line":38,"column":4},"end":{"line":38,"column":40}},"8":{"start":{"line":40,"column":4},"end":{"line":40,"column":36}},"9":{"start":{"line":45,"column":2},"end":{"line":50,"column":3}},"10":{"start":{"line":46,"column":21},"end":{"line":46,"column":75}},"11":{"start":{"line":47,"column":4},"end":{"line":47,"column":40}},"12":{"start":{"line":49,"column":4},"end":{"line":49,"column":36}},"13":{"start":{"line":54,"column":2},"end":{"line":60,"column":3}},"14":{"start":{"line":55,"column":21},"end":{"line":55,"column":43}},"15":{"start":{"line":56,"column":4},"end":{"line":56,"column":26}},"16":{"start":{"line":56,"column":19},"end":{"line":56,"column":26}},"17":{"start":{"line":57,"column":4},"end":{"line":57,"column":44}},"18":{"start":{"line":59,"column":4},"end":{"line":59,"column":29}},"19":{"start":{"line":64,"column":2},"end":{"line":69,"column":3}},"20":{"start":{"line":65,"column":4},"end":{"line":65,"column":25}},"21":{"start":{"line":66,"column":4},"end":{"line":66,"column":32}},"22":{"start":{"line":68,"column":4},"end":{"line":68,"column":37}},"23":{"start":{"line":73,"column":2},"end":{"line":78,"column":3}},"24":{"start":{"line":74,"column":21},"end":{"line":74,"column":79}},"25":{"start":{"line":75,"column":4},"end":{"line":75,"column":72}},"26":{"start":{"line":77,"column":4},"end":{"line":77,"column":36}},"27":{"start":{"line":82,"column":2},"end":{"line":82,"column":54}},"28":{"start":{"line":86,"column":2},"end":{"line":86,"column":75}},"29":{"start":{"line":90,"column":2},"end":{"line":90,"column":73}},"30":{"start":{"line":94,"column":2},"end":{"line":94,"column":76}},"31":{"start":{"line":98,"column":2},"end":{"line":98,"column":60}},"32":{"start":{"line":102,"column":2},"end":{"line":102,"column":58}},"33":{"start":{"line":106,"column":2},"end":{"line":106,"column":71}},"34":{"start":{"line":110,"column":2},"end":{"line":117,"column":5}}},"fnMap":{"0":{"name":"getSnapshotFromUserAuth","decl":{"start":{"line":21,"column":17},"end":{"line":21,"column":40}},"loc":{"start":{"line":21,"column":67},"end":{"line":33,"column":1}},"line":21},"1":{"name":"signInWithGoogle","decl":{"start":{"line":35,"column":17},"end":{"line":35,"column":33}},"loc":{"start":{"line":35,"column":36},"end":{"line":42,"column":1}},"line":35},"2":{"name":"signInWithEmail","decl":{"start":{"line":44,"column":17},"end":{"line":44,"column":32}},"loc":{"start":{"line":44,"column":67},"end":{"line":51,"column":1}},"line":44},"3":{"name":"isUserAuthenticated","decl":{"start":{"line":53,"column":17},"end":{"line":53,"column":36}},"loc":{"start":{"line":53,"column":39},"end":{"line":61,"column":1}},"line":53},"4":{"name":"signOut","decl":{"start":{"line":63,"column":17},"end":{"line":63,"column":24}},"loc":{"start":{"line":63,"column":27},"end":{"line":70,"column":1}},"line":63},"5":{"name":"signUp","decl":{"start":{"line":72,"column":17},"end":{"line":72,"column":23}},"loc":{"start":{"line":72,"column":71},"end":{"line":79,"column":1}},"line":72},"6":{"name":"signInAfterSignUp","decl":{"start":{"line":81,"column":17},"end":{"line":81,"column":34}},"loc":{"start":{"line":81,"column":74},"end":{"line":83,"column":1}},"line":81},"7":{"name":"onGoogleSignInStart","decl":{"start":{"line":85,"column":17},"end":{"line":85,"column":36}},"loc":{"start":{"line":85,"column":39},"end":{"line":87,"column":1}},"line":85},"8":{"name":"onEmailSignInStart","decl":{"start":{"line":89,"column":17},"end":{"line":89,"column":35}},"loc":{"start":{"line":89,"column":38},"end":{"line":91,"column":1}},"line":89},"9":{"name":"onCheckUserSession","decl":{"start":{"line":93,"column":17},"end":{"line":93,"column":35}},"loc":{"start":{"line":93,"column":38},"end":{"line":95,"column":1}},"line":93},"10":{"name":"onSignOutStart","decl":{"start":{"line":97,"column":17},"end":{"line":97,"column":31}},"loc":{"start":{"line":97,"column":34},"end":{"line":99,"column":1}},"line":97},"11":{"name":"onSignUpStart","decl":{"start":{"line":101,"column":17},"end":{"line":101,"column":30}},"loc":{"start":{"line":101,"column":33},"end":{"line":103,"column":1}},"line":101},"12":{"name":"onSignUpSuccess","decl":{"start":{"line":105,"column":17},"end":{"line":105,"column":32}},"loc":{"start":{"line":105,"column":35},"end":{"line":107,"column":1}},"line":105},"13":{"name":"userSagas","decl":{"start":{"line":109,"column":17},"end":{"line":109,"column":26}},"loc":{"start":{"line":109,"column":29},"end":{"line":118,"column":1}},"line":109}},"branchMap":{"0":{"loc":{"start":{"line":56,"column":4},"end":{"line":56,"column":26}},"type":"if","locations":[{"start":{"line":56,"column":4},"end":{"line":56,"column":26}},{"start":{"line":56,"column":4},"end":{"line":56,"column":26}}],"line":56}},"s":{"0":0,"1":0,"2":0,"3":0,"4":0,"5":0,"6":0,"7":0,"8":0,"9":0,"10":0,"11":0,"12":0,"13":0,"14":0,"15":0,"16":0,"17":0,"18":0,"19":0,"20":0,"21":0,"22":0,"23":0,"24":0,"25":0,"26":0,"27":0,"28":0,"29":0,"30":0,"31":0,"32":0,"33":0,"34":0},"f":{"0":0,"1":0,"2":0,"3":0,"4":0,"5":0,"6":0,"7":0,"8":0,"9":0,"10":0,"11":0,"12":0,"13":0},"b":{"0":[0,0]}}
,"C:\\Users\\phill\\React\\crwn-clothing\\client\\src\\redux\\user\\user.selectors.js": {"path":"C:\\Users\\phill\\React\\crwn-clothing\\client\\src\\redux\\user\\user.selectors.js","statementMap":{"0":{"start":{"line":3,"column":19},"end":{"line":3,"column":38}},"1":{"start":{"line":3,"column":28},"end":{"line":3,"column":38}},"2":{"start":{"line":5,"column":33},"end":{"line":8,"column":1}},"3":{"start":{"line":7,"column":14},"end":{"line":7,"column":30}}},"fnMap":{"0":{"name":"(anonymous_0)","decl":{"start":{"line":3,"column":19},"end":{"line":3,"column":20}},"loc":{"start":{"line":3,"column":28},"end":{"line":3,"column":38}},"line":3},"1":{"name":"(anonymous_1)","decl":{"start":{"line":7,"column":4},"end":{"line":7,"column":5}},"loc":{"start":{"line":7,"column":14},"end":{"line":7,"column":30}},"line":7}},"branchMap":{},"s":{"0":0,"1":0,"2":0,"3":0},"f":{"0":0,"1":0},"b":{}}
,"C:\\Users\\phill\\React\\crwn-clothing\\client\\src\\redux\\user\\user.types.js": {"path":"C:\\Users\\phill\\React\\crwn-clothing\\client\\src\\redux\\user\\user.types.js","statementMap":{"0":{"start":{"line":1,"column":24},"end":{"line":14,"column":1}}},"fnMap":{},"branchMap":{},"s":{"0":0},"f":{},"b":{}}
}
