TN:
SF:src\components\cart-dropdown\cart-dropdown.component.jsx
FN:15,(anonymous_0)
FN:24,(anonymous_1)
FN:32,(anonymous_2)
FNF:3
FNH:3
FNDA:3,(anonymous_0)
FNDA:6,(anonymous_1)
FNDA:1,(anonymous_2)
DA:15,1
DA:16,3
DA:17,3
DA:18,3
DA:20,3
DA:25,6
DA:33,1
DA:34,1
LF:8
LH:8
BRDA:23,0,0,2
BRDA:23,0,1,1
BRF:2
BRH:2
end_of_record
TN:
SF:src\components\cart-dropdown\cart-dropdown.styles.jsx
FNF:0
FNH:0
DA:4,1
DA:18,1
DA:25,1
DA:30,1
DA:32,1
DA:36,1
LF:6
LH:6
BRF:0
BRH:0
end_of_record
TN:
SF:src\components\cart-item\cart-item.component.jsx
FN:5,(anonymous_0)
FNF:1
FNH:0
FNDA:0,(anonymous_0)
DA:5,1
DA:6,0
LF:2
LH:1
BRF:0
BRH:0
end_of_record
TN:
SF:src\redux\cart\cart.actions.js
FN:3,(anonymous_0)
FN:8,(anonymous_1)
FN:13,(anonymous_2)
FN:18,(anonymous_3)
FN:23,(anonymous_4)
FN:27,(anonymous_5)
FNF:6
FNH:1
FNDA:2,(anonymous_0)
FNDA:0,(anonymous_1)
FNDA:0,(anonymous_2)
FNDA:0,(anonymous_3)
FNDA:0,(anonymous_4)
FNDA:0,(anonymous_5)
DA:3,2
DA:8,1
DA:13,1
DA:18,1
DA:23,1
DA:27,1
LF:6
LH:6
BRF:0
BRH:0
end_of_record
TN:
SF:src\redux\cart\cart.selectors.js
FN:3,(anonymous_0)
FN:7,(anonymous_1)
FN:12,(anonymous_2)
FN:17,(anonymous_3)
FN:19,(anonymous_4)
FN:25,(anonymous_5)
FN:27,(anonymous_6)
FNF:7
FNH:2
FNDA:2,(anonymous_0)
FNDA:2,(anonymous_1)
FNDA:0,(anonymous_2)
FNDA:0,(anonymous_3)
FNDA:0,(anonymous_4)
FNDA:0,(anonymous_5)
FNDA:0,(anonymous_6)
DA:3,2
DA:5,1
DA:7,2
DA:10,1
DA:12,0
DA:15,1
DA:18,0
DA:20,0
DA:23,1
DA:26,0
DA:28,0
LF:11
LH:6
BRF:0
BRH:0
end_of_record
